2026-05-06 18:34:57.757 [info] [main] Log level: Info
2026-05-06 18:34:57.757 [info] [main] Validating found git in: "git"
2026-05-06 18:34:57.757 [info] [main] Using git "2.54.0" from "git"
2026-05-06 18:34:57.757 [info] [Model][doInitialScan] Initial repository scan started
2026-05-06 18:34:57.758 [info] > git rev-parse --show-toplevel [4ms]
2026-05-06 18:34:57.758 [info] fatal: not a git repository (or any of the parent directories): .git
2026-05-06 18:34:57.768 [info] > git rev-parse --show-toplevel [4ms]
2026-05-06 18:34:57.768 [info] fatal: not a git repository (or any of the parent directories): .git
2026-05-06 18:34:57.773 [info] > git rev-parse --show-toplevel [1ms]
2026-05-06 18:34:57.773 [info] fatal: not a git repository (or any of the parent directories): .git
2026-05-06 18:34:57.777 [info] > git rev-parse --show-toplevel [1ms]
2026-05-06 18:34:57.777 [info] fatal: not a git repository (or any of the parent directories): .git
2026-05-06 18:34:57.781 [info] > git rev-parse --show-toplevel [1ms]
2026-05-06 18:34:57.781 [info] fatal: not a git repository (or any of the parent directories): .git
2026-05-06 18:34:57.782 [info] [Model][doInitialScan] Initial repository scan completed - repositories (0), closed repositories (0), parent repositories (0), unsafe repositories (0)
2026-05-06 18:35:05.358 [info] > git rev-parse --show-toplevel [6ms]
2026-05-06 18:35:05.358 [info] fatal: not a git repository (or any of the parent directories): .git
2026-05-06 18:35:05.365 [info] > git rev-parse --show-toplevel [1ms]
2026-05-06 18:35:05.365 [info] fatal: not a git repository (or any of the parent directories): .git
2026-05-06 18:35:05.617 [info] > git rev-parse --show-toplevel [1ms]
2026-05-06 18:35:05.617 [info] fatal: not a git repository (or any of the parent directories): .git
2026-05-06 18:35:05.640 [info] > git rev-parse --show-toplevel [7ms]
2026-05-06 18:35:05.640 [info] fatal: not a git repository (or any of the parent directories): .git
2026-05-06 18:35:05.717 [info] > git rev-parse --show-toplevel [1ms]
2026-05-06 18:35:05.717 [info] fatal: not a git repository (or any of the parent directories): .git
2026-05-06 18:36:22.729 [info] > git rev-parse --show-toplevel [2ms]
2026-05-06 18:36:22.729 [info] fatal: not a git repository (or any of the parent directories): .git
2026-05-06 18:36:34.470 [info] > git rev-parse --show-toplevel [1ms]
2026-05-06 18:36:34.470 [info] fatal: not a git repository (or any of the parent directories): .git
2026-05-06 18:36:52.324 [info] > git rev-parse --show-toplevel [1ms]
2026-05-06 18:36:52.324 [info] fatal: not a git repository (or any of the parent directories): .git
2026-05-06 18:36:58.040 [info] > git rev-parse --show-toplevel [1ms]
2026-05-06 18:36:58.040 [info] fatal: not a git repository (or any of the parent directories): .git
2026-05-06 18:36:59.900 [info] > git rev-parse --show-toplevel [2ms]
2026-05-06 18:36:59.900 [info] fatal: not a git repository (or any of the parent directories): .git
2026-05-06 18:37:02.755 [info] > git rev-parse --show-toplevel [2ms]
2026-05-06 18:37:02.755 [info] fatal: not a git repository (or any of the parent directories): .git
2026-05-06 18:37:05.224 [info] > git rev-parse --show-toplevel [1ms]
2026-05-06 18:37:05.224 [info] fatal: not a git repository (or any of the parent directories): .git
2026-05-06 18:37:09.395 [info] > git rev-parse --show-toplevel [2ms]
2026-05-06 18:37:09.395 [info] fatal: not a git repository (or any of the parent directories): .git
2026-05-06 18:38:44.160 [info] > git rev-parse --show-toplevel [2ms]
2026-05-06 18:38:44.160 [info] fatal: not a git repository (or any of the parent directories): .git
2026-05-06 18:38:46.069 [info] > git rev-parse --show-toplevel [3ms]
2026-05-06 18:38:46.069 [info] fatal: not a git repository (or any of the parent directories): .git
2026-05-06 18:43:10.330 [info] > git rev-parse --show-toplevel [1ms]
2026-05-06 18:43:10.330 [info] fatal: not a git repository (or any of the parent directories): .git
2026-05-06 18:43:12.240 [info] > git rev-parse --show-toplevel [2ms]
2026-05-06 18:43:12.240 [info] fatal: not a git repository (or any of the parent directories): .git
2026-05-06 18:43:18.249 [info] > git rev-parse --show-toplevel [1ms]
2026-05-06 18:43:18.249 [info] fatal: not a git repository (or any of the parent directories): .git
2026-05-06 18:43:21.544 [info] > git rev-parse --show-toplevel [2ms]
2026-05-06 18:43:21.544 [info] fatal: not a git repository (or any of the parent directories): .git
2026-05-06 18:43:50.297 [info] > git rev-parse --show-toplevel [1ms]
2026-05-06 18:43:50.298 [info] fatal: not a git repository (or any of the parent directories): .git
2026-05-06 18:47:01.800 [info] > git rev-parse --show-toplevel [1ms]
2026-05-06 18:47:01.800 [info] fatal: not a git repository (or any of the parent directories): .git
2026-05-06 18:47:08.477 [info] > git rev-parse --show-toplevel [1ms]
2026-05-06 18:47:08.477 [info] fatal: not a git repository (or any of the parent directories): .git
2026-05-06 18:47:11.955 [info] > git rev-parse --show-toplevel [2ms]
2026-05-06 18:47:11.955 [info] fatal: not a git repository (or any of the parent directories): .git
