2026-05-06 18:48:52.386 [info] [main] Log level: Info
2026-05-06 18:48:52.386 [info] [main] Validating found git in: "git"
2026-05-06 18:48:52.386 [info] [main] Using git "2.54.0" from "git"
2026-05-06 18:48:52.386 [info] [Model][doInitialScan] Initial repository scan started
2026-05-06 18:48:52.386 [info] > git rev-parse --show-toplevel [6ms]
2026-05-06 18:48:52.386 [info] fatal: not a git repository (or any of the parent directories): .git
2026-05-06 18:48:52.386 [info] > git rev-parse --show-toplevel [3ms]
2026-05-06 18:48:52.386 [info] fatal: not a git repository (or any of the parent directories): .git
2026-05-06 18:48:52.386 [info] > git rev-parse --show-toplevel [10ms]
2026-05-06 18:48:52.386 [info] fatal: not a git repository (or any of the parent directories): .git
2026-05-06 18:48:52.387 [info] > git rev-parse --show-toplevel [18ms]
2026-05-06 18:48:52.387 [info] fatal: not a git repository (or any of the parent directories): .git
2026-05-06 18:48:52.406 [info] > git rev-parse --show-toplevel [7ms]
2026-05-06 18:48:52.406 [info] fatal: not a git repository (or any of the parent directories): .git
2026-05-06 18:48:52.406 [info] [Model][doInitialScan] Initial repository scan completed - repositories (0), closed repositories (0), parent repositories (0), unsafe repositories (0)
2026-05-06 18:48:52.502 [info] > git rev-parse --show-toplevel [2ms]
2026-05-06 18:48:52.502 [info] fatal: not a git repository (or any of the parent directories): .git
2026-05-06 18:48:53.876 [info] > git rev-parse --show-toplevel [1ms]
2026-05-06 18:48:53.876 [info] fatal: not a git repository (or any of the parent directories): .git
2026-05-06 18:48:53.988 [info] > git rev-parse --show-toplevel [2ms]
2026-05-06 18:48:53.988 [info] fatal: not a git repository (or any of the parent directories): .git
2026-05-06 18:48:56.440 [info] > git rev-parse --show-toplevel [2ms]
2026-05-06 18:48:56.440 [info] fatal: not a git repository (or any of the parent directories): .git
2026-05-06 18:48:59.121 [info] > git rev-parse --show-toplevel [2ms]
2026-05-06 18:48:59.121 [info] fatal: not a git repository (or any of the parent directories): .git
2026-05-06 18:49:07.914 [info] > git rev-parse --show-toplevel [1ms]
2026-05-06 18:49:07.914 [info] fatal: not a git repository (or any of the parent directories): .git
2026-05-06 18:49:09.442 [info] > git rev-parse --show-toplevel [2ms]
2026-05-06 18:49:09.442 [info] fatal: not a git repository (or any of the parent directories): .git
2026-05-06 18:49:20.561 [info] > git rev-parse --show-toplevel [2ms]
2026-05-06 18:49:20.561 [info] fatal: not a git repository (or any of the parent directories): .git
2026-05-06 18:52:51.734 [info] > git rev-parse --show-toplevel [2ms]
2026-05-06 18:52:51.734 [info] fatal: not a git repository (or any of the parent directories): .git
2026-05-06 18:58:35.608 [info] > git rev-parse --show-toplevel [1ms]
2026-05-06 18:58:35.608 [info] fatal: not a git repository (or any of the parent directories): .git
2026-05-06 18:58:37.396 [info] > git rev-parse --show-toplevel [2ms]
2026-05-06 18:58:37.396 [info] fatal: not a git repository (or any of the parent directories): .git
2026-05-06 18:58:37.998 [info] > git rev-parse --show-toplevel [2ms]
2026-05-06 18:58:37.998 [info] fatal: not a git repository (or any of the parent directories): .git
2026-05-06 18:58:38.789 [info] > git rev-parse --show-toplevel [2ms]
2026-05-06 18:58:38.789 [info] fatal: not a git repository (or any of the parent directories): .git
2026-05-06 18:58:56.290 [info] > git rev-parse --show-toplevel [1ms]
2026-05-06 18:58:56.290 [info] fatal: not a git repository (or any of the parent directories): .git
2026-05-06 18:58:58.011 [info] > git rev-parse --show-toplevel [1ms]
2026-05-06 18:58:58.012 [info] fatal: not a git repository (or any of the parent directories): .git
2026-05-06 19:00:57.860 [info] > git rev-parse --show-toplevel [1ms]
2026-05-06 19:00:57.860 [info] fatal: not a git repository (or any of the parent directories): .git
2026-05-06 19:01:05.267 [info] > git rev-parse --show-toplevel [2ms]
2026-05-06 19:01:05.267 [info] fatal: not a git repository (or any of the parent directories): .git
2026-05-06 19:01:22.861 [info] > git rev-parse --show-toplevel [2ms]
2026-05-06 19:01:22.861 [info] fatal: not a git repository (or any of the parent directories): .git
2026-05-06 19:01:58.222 [info] > git rev-parse --show-toplevel [2ms]
2026-05-06 19:01:58.222 [info] fatal: not a git repository (or any of the parent directories): .git
2026-05-06 19:02:17.253 [info] > git rev-parse --show-toplevel [1ms]
2026-05-06 19:02:17.253 [info] fatal: not a git repository (or any of the parent directories): .git
2026-05-06 19:02:55.060 [info] > git rev-parse --show-toplevel [1ms]
2026-05-06 19:02:55.060 [info] fatal: not a git repository (or any of the parent directories): .git
2026-05-06 19:04:09.955 [info] > git rev-parse --show-toplevel [1ms]
2026-05-06 19:04:09.955 [info] fatal: not a git repository (or any of the parent directories): .git
2026-05-06 19:04:11.665 [info] > git rev-parse --show-toplevel [1ms]
2026-05-06 19:04:11.665 [info] fatal: not a git repository (or any of the parent directories): .git
2026-05-06 19:04:19.817 [info] > git rev-parse --show-toplevel [1ms]
2026-05-06 19:04:19.817 [info] fatal: not a git repository (or any of the parent directories): .git
2026-05-06 19:04:22.185 [info] > git rev-parse --show-toplevel [1ms]
2026-05-06 19:04:22.185 [info] fatal: not a git repository (or any of the parent directories): .git
2026-05-06 19:04:29.024 [info] > git rev-parse --show-toplevel [1ms]
2026-05-06 19:04:29.024 [info] fatal: not a git repository (or any of the parent directories): .git
2026-05-06 19:10:55.608 [info] > git rev-parse --show-toplevel [2ms]
2026-05-06 19:10:55.608 [info] fatal: not a git repository (or any of the parent directories): .git
2026-05-06 19:14:52.590 [info] > git rev-parse --show-toplevel [1ms]
2026-05-06 19:14:52.590 [info] fatal: not a git repository (or any of the parent directories): .git
2026-05-06 19:15:03.310 [info] > git rev-parse --show-toplevel [1ms]
2026-05-06 19:15:03.310 [info] fatal: not a git repository (or any of the parent directories): .git
2026-05-06 19:15:06.405 [info] > git rev-parse --show-toplevel [1ms]
2026-05-06 19:15:06.405 [info] fatal: not a git repository (or any of the parent directories): .git
2026-05-06 19:15:09.781 [info] > git rev-parse --show-toplevel [1ms]
2026-05-06 19:15:09.781 [info] fatal: not a git repository (or any of the parent directories): .git
2026-05-06 19:15:48.646 [info] > git rev-parse --show-toplevel [2ms]
2026-05-06 19:15:48.646 [info] fatal: not a git repository (or any of the parent directories): .git
2026-05-06 19:16:04.156 [info] > git rev-parse --show-toplevel [1ms]
2026-05-06 19:16:04.156 [info] fatal: not a git repository (or any of the parent directories): .git
2026-05-06 19:47:29.914 [info] > git rev-parse --show-toplevel [1ms]
2026-05-06 19:47:29.914 [info] fatal: not a git repository (or any of the parent directories): .git
2026-05-06 19:51:07.790 [info] > git rev-parse --show-toplevel [2ms]
2026-05-06 19:51:07.790 [info] fatal: not a git repository (or any of the parent directories): .git
2026-05-06 19:53:07.144 [info] > git rev-parse --show-toplevel [1ms]
2026-05-06 19:53:07.144 [info] fatal: not a git repository (or any of the parent directories): .git
2026-05-06 19:59:17.229 [info] > git rev-parse --show-toplevel [1ms]
2026-05-06 19:59:17.229 [info] fatal: not a git repository (or any of the parent directories): .git
2026-05-06 19:59:23.009 [info] > git rev-parse --show-toplevel [1ms]
2026-05-06 19:59:23.009 [info] fatal: not a git repository (or any of the parent directories): .git
2026-05-06 20:02:24.718 [info] > git rev-parse --show-toplevel [1ms]
2026-05-06 20:02:24.718 [info] fatal: not a git repository (or any of the parent directories): .git
2026-05-06 20:02:26.565 [info] > git rev-parse --show-toplevel [2ms]
2026-05-06 20:02:26.565 [info] fatal: not a git repository (or any of the parent directories): .git
2026-05-06 20:10:12.078 [info] > git rev-parse --show-toplevel [1ms]
2026-05-06 20:10:12.078 [info] fatal: not a git repository (or any of the parent directories): .git
2026-05-06 21:13:16.853 [info] > git rev-parse --show-toplevel [1ms]
2026-05-06 21:13:16.853 [info] fatal: not a git repository (or any of the parent directories): .git
2026-05-06 21:20:26.554 [info] > git rev-parse --show-toplevel [1ms]
2026-05-06 21:20:26.554 [info] fatal: not a git repository (or any of the parent directories): .git
2026-05-06 21:20:35.583 [info] > git rev-parse --show-toplevel [1ms]
2026-05-06 21:20:35.583 [info] fatal: not a git repository (or any of the parent directories): .git
2026-05-06 21:20:37.682 [info] > git rev-parse --show-toplevel [1ms]
2026-05-06 21:20:37.682 [info] fatal: not a git repository (or any of the parent directories): .git
2026-05-06 21:20:41.980 [info] > git rev-parse --show-toplevel [1ms]
2026-05-06 21:20:41.980 [info] fatal: not a git repository (or any of the parent directories): .git
2026-05-06 21:23:34.836 [info] > git rev-parse --show-toplevel [1ms]
2026-05-06 21:23:34.836 [info] fatal: not a git repository (or any of the parent directories): .git
2026-05-06 21:23:35.620 [info] > git rev-parse --show-toplevel [1ms]
2026-05-06 21:23:35.620 [info] fatal: not a git repository (or any of the parent directories): .git
2026-05-06 21:25:18.276 [info] > git rev-parse --show-toplevel [1ms]
2026-05-06 21:25:18.276 [info] fatal: not a git repository (or any of the parent directories): .git
2026-05-06 21:25:34.058 [info] > git rev-parse --show-toplevel [2ms]
2026-05-06 21:25:34.058 [info] fatal: not a git repository (or any of the parent directories): .git
2026-05-06 21:26:27.306 [info] > git rev-parse --show-toplevel [2ms]
2026-05-06 21:26:27.306 [info] fatal: not a git repository (or any of the parent directories): .git
2026-05-06 21:26:58.645 [info] > git rev-parse --show-toplevel [1ms]
2026-05-06 21:26:58.645 [info] fatal: not a git repository (or any of the parent directories): .git
2026-05-06 21:26:59.623 [info] > git rev-parse --show-toplevel [2ms]
2026-05-06 21:26:59.623 [info] fatal: not a git repository (or any of the parent directories): .git
2026-05-06 21:27:15.146 [info] > git rev-parse --show-toplevel [1ms]
2026-05-06 21:27:15.146 [info] fatal: not a git repository (or any of the parent directories): .git
2026-05-06 21:27:54.224 [info] > git rev-parse --show-toplevel [1ms]
2026-05-06 21:27:54.224 [info] fatal: not a git repository (or any of the parent directories): .git
2026-05-06 21:32:36.727 [info] > git rev-parse --show-toplevel [1ms]
2026-05-06 21:32:36.727 [info] fatal: not a git repository (or any of the parent directories): .git
2026-05-06 21:32:46.499 [info] > git rev-parse --show-toplevel [1ms]
2026-05-06 21:32:46.499 [info] fatal: not a git repository (or any of the parent directories): .git
2026-05-06 21:34:02.142 [info] > git rev-parse --show-toplevel [1ms]
2026-05-06 21:34:02.142 [info] fatal: not a git repository (or any of the parent directories): .git
2026-05-06 21:34:06.494 [info] > git rev-parse --show-toplevel [1ms]
2026-05-06 21:34:06.494 [info] fatal: not a git repository (or any of the parent directories): .git
2026-05-06 21:34:42.380 [info] > git rev-parse --show-toplevel [1ms]
2026-05-06 21:34:42.380 [info] fatal: not a git repository (or any of the parent directories): .git
2026-05-06 21:34:44.347 [info] > git rev-parse --show-toplevel [1ms]
2026-05-06 21:34:44.347 [info] fatal: not a git repository (or any of the parent directories): .git
2026-05-06 21:34:44.947 [info] > git rev-parse --show-toplevel [1ms]
2026-05-06 21:34:44.947 [info] fatal: not a git repository (or any of the parent directories): .git
2026-05-06 21:34:47.797 [info] > git rev-parse --show-toplevel [1ms]
2026-05-06 21:34:47.797 [info] fatal: not a git repository (or any of the parent directories): .git
2026-05-06 21:35:48.282 [info] > git rev-parse --show-toplevel [1ms]
2026-05-06 21:35:48.283 [info] fatal: not a git repository (or any of the parent directories): .git
2026-05-06 21:36:09.116 [info] > git rev-parse --show-toplevel [1ms]
2026-05-06 21:36:09.116 [info] fatal: not a git repository (or any of the parent directories): .git
2026-05-06 21:36:09.467 [info] > git rev-parse --show-toplevel [1ms]
2026-05-06 21:36:09.467 [info] fatal: not a git repository (or any of the parent directories): .git
2026-05-06 21:37:20.458 [info] > git rev-parse --show-toplevel [2ms]
2026-05-06 21:37:20.458 [info] fatal: not a git repository (or any of the parent directories): .git
2026-05-06 21:38:28.985 [info] > git rev-parse --show-toplevel [2ms]
2026-05-06 21:38:28.985 [info] fatal: not a git repository (or any of the parent directories): .git
2026-05-06 21:38:32.142 [info] > git rev-parse --show-toplevel [1ms]
2026-05-06 21:38:32.142 [info] fatal: not a git repository (or any of the parent directories): .git
2026-05-06 21:39:56.561 [info] > git rev-parse --show-toplevel [1ms]
2026-05-06 21:39:56.561 [info] fatal: not a git repository (or any of the parent directories): .git
2026-05-06 21:40:09.997 [info] > git rev-parse --show-toplevel [2ms]
2026-05-06 21:40:09.997 [info] fatal: not a git repository (or any of the parent directories): .git
2026-05-06 21:40:12.106 [info] > git rev-parse --show-toplevel [1ms]
2026-05-06 21:40:12.106 [info] fatal: not a git repository (or any of the parent directories): .git
2026-05-06 21:40:14.923 [info] > git rev-parse --show-toplevel [1ms]
2026-05-06 21:40:14.923 [info] fatal: not a git repository (or any of the parent directories): .git
2026-05-06 21:40:43.189 [info] > git rev-parse --show-toplevel [2ms]
2026-05-06 21:40:43.189 [info] fatal: not a git repository (or any of the parent directories): .git
2026-05-06 21:41:10.818 [info] > git rev-parse --show-toplevel [2ms]
2026-05-06 21:41:10.818 [info] fatal: not a git repository (or any of the parent directories): .git
2026-05-06 21:41:13.691 [info] > git rev-parse --show-toplevel [1ms]
2026-05-06 21:41:13.692 [info] fatal: not a git repository (or any of the parent directories): .git
2026-05-06 21:41:44.395 [info] > git rev-parse --show-toplevel [1ms]
2026-05-06 21:41:44.395 [info] fatal: not a git repository (or any of the parent directories): .git
2026-05-06 21:41:53.690 [info] > git rev-parse --show-toplevel [1ms]
2026-05-06 21:41:53.690 [info] fatal: not a git repository (or any of the parent directories): .git
2026-05-06 21:41:58.394 [info] > git rev-parse --show-toplevel [1ms]
2026-05-06 21:41:58.394 [info] fatal: not a git repository (or any of the parent directories): .git
2026-05-06 21:42:22.360 [info] > git rev-parse --show-toplevel [1ms]
2026-05-06 21:42:22.360 [info] fatal: not a git repository (or any of the parent directories): .git
2026-05-06 21:42:35.588 [info] > git rev-parse --show-toplevel [1ms]
2026-05-06 21:42:35.588 [info] fatal: not a git repository (or any of the parent directories): .git
2026-05-06 21:43:15.597 [info] > git rev-parse --show-toplevel [1ms]
2026-05-06 21:43:15.597 [info] fatal: not a git repository (or any of the parent directories): .git
2026-05-06 21:43:19.141 [info] > git rev-parse --show-toplevel [1ms]
2026-05-06 21:43:19.141 [info] fatal: not a git repository (or any of the parent directories): .git
2026-05-06 21:43:19.729 [info] > git rev-parse --show-toplevel [1ms]
2026-05-06 21:43:19.729 [info] fatal: not a git repository (or any of the parent directories): .git
2026-05-06 21:43:24.247 [info] > git rev-parse --show-toplevel [1ms]
2026-05-06 21:43:24.247 [info] fatal: not a git repository (or any of the parent directories): .git
2026-05-06 21:43:28.144 [info] > git rev-parse --show-toplevel [1ms]
2026-05-06 21:43:28.144 [info] fatal: not a git repository (or any of the parent directories): .git
2026-05-06 21:43:34.619 [info] > git rev-parse --show-toplevel [2ms]
2026-05-06 21:43:34.619 [info] fatal: not a git repository (or any of the parent directories): .git
2026-05-06 21:43:35.944 [info] > git rev-parse --show-toplevel [0ms]
2026-05-06 21:43:35.945 [info] fatal: not a git repository (or any of the parent directories): .git
2026-05-06 21:43:43.243 [info] > git rev-parse --show-toplevel [1ms]
2026-05-06 21:43:43.243 [info] fatal: not a git repository (or any of the parent directories): .git
2026-05-06 21:44:02.535 [info] > git rev-parse --show-toplevel [1ms]
2026-05-06 21:44:02.536 [info] fatal: not a git repository (or any of the parent directories): .git
2026-05-06 21:44:27.629 [info] > git rev-parse --show-toplevel [2ms]
2026-05-06 21:44:27.629 [info] fatal: not a git repository (or any of the parent directories): .git
2026-05-06 21:44:30.814 [info] > git rev-parse --show-toplevel [1ms]
2026-05-06 21:44:30.814 [info] fatal: not a git repository (or any of the parent directories): .git
2026-05-06 21:44:36.978 [info] > git rev-parse --show-toplevel [1ms]
2026-05-06 21:44:36.978 [info] fatal: not a git repository (or any of the parent directories): .git
2026-05-06 21:44:50.085 [info] > git rev-parse --show-toplevel [1ms]
2026-05-06 21:44:50.085 [info] fatal: not a git repository (or any of the parent directories): .git
2026-05-06 21:44:51.728 [info] > git rev-parse --show-toplevel [2ms]
2026-05-06 21:44:51.728 [info] fatal: not a git repository (or any of the parent directories): .git
2026-05-06 21:44:56.466 [info] > git rev-parse --show-toplevel [1ms]
2026-05-06 21:44:56.466 [info] fatal: not a git repository (or any of the parent directories): .git
2026-05-06 21:45:02.073 [info] > git rev-parse --show-toplevel [2ms]
2026-05-06 21:45:02.073 [info] fatal: not a git repository (or any of the parent directories): .git
2026-05-06 21:45:04.358 [info] > git rev-parse --show-toplevel [1ms]
2026-05-06 21:45:04.358 [info] fatal: not a git repository (or any of the parent directories): .git
2026-05-06 21:45:16.355 [info] > git rev-parse --show-toplevel [1ms]
2026-05-06 21:45:16.355 [info] fatal: not a git repository (or any of the parent directories): .git
2026-05-06 21:47:45.215 [info] > git rev-parse --show-toplevel [1ms]
2026-05-06 21:47:45.215 [info] fatal: not a git repository (or any of the parent directories): .git
2026-05-06 21:47:59.689 [info] > git rev-parse --show-toplevel [1ms]
2026-05-06 21:47:59.689 [info] fatal: not a git repository (or any of the parent directories): .git
2026-05-06 21:50:43.501 [info] > git rev-parse --show-toplevel [1ms]
2026-05-06 21:50:43.501 [info] fatal: not a git repository (or any of the parent directories): .git
2026-05-06 21:51:23.264 [info] > git rev-parse --show-toplevel [1ms]
2026-05-06 21:51:23.264 [info] fatal: not a git repository (or any of the parent directories): .git
2026-05-06 21:51:23.896 [info] > git rev-parse --show-toplevel [1ms]
2026-05-06 21:51:23.896 [info] fatal: not a git repository (or any of the parent directories): .git
2026-05-06 21:51:26.123 [info] > git rev-parse --show-toplevel [2ms]
2026-05-06 21:51:26.123 [info] fatal: not a git repository (or any of the parent directories): .git
2026-05-06 21:51:33.352 [info] > git rev-parse --show-toplevel [2ms]
2026-05-06 21:51:33.352 [info] fatal: not a git repository (or any of the parent directories): .git
2026-05-06 21:53:56.372 [info] > git rev-parse --show-toplevel [2ms]
2026-05-06 21:53:56.372 [info] fatal: not a git repository (or any of the parent directories): .git
2026-05-06 21:54:02.896 [info] > git rev-parse --show-toplevel [1ms]
2026-05-06 21:54:02.896 [info] fatal: not a git repository (or any of the parent directories): .git
2026-05-06 21:54:04.293 [info] > git rev-parse --show-toplevel [2ms]
2026-05-06 21:54:04.293 [info] fatal: not a git repository (or any of the parent directories): .git
2026-05-06 22:03:17.435 [info] > git rev-parse --show-toplevel [1ms]
2026-05-06 22:03:17.435 [info] fatal: not a git repository (or any of the parent directories): .git
2026-05-06 22:05:15.906 [info] > git rev-parse --show-toplevel [1ms]
2026-05-06 22:05:15.906 [info] fatal: not a git repository (or any of the parent directories): .git
2026-05-06 22:06:08.957 [info] > git rev-parse --show-toplevel [1ms]
2026-05-06 22:06:08.957 [info] fatal: not a git repository (or any of the parent directories): .git
2026-05-06 22:06:38.387 [info] > git rev-parse --show-toplevel [1ms]
2026-05-06 22:06:38.387 [info] fatal: not a git repository (or any of the parent directories): .git
2026-05-06 22:06:41.440 [info] > git rev-parse --show-toplevel [2ms]
2026-05-06 22:06:41.440 [info] fatal: not a git repository (or any of the parent directories): .git
2026-05-06 22:09:37.256 [info] > git rev-parse --show-toplevel [1ms]
2026-05-06 22:09:37.256 [info] fatal: not a git repository (or any of the parent directories): .git
2026-05-06 22:10:06.110 [info] > git rev-parse --show-toplevel [2ms]
2026-05-06 22:10:06.110 [info] fatal: not a git repository (or any of the parent directories): .git
2026-05-06 22:15:36.681 [info] > git rev-parse --show-toplevel [1ms]
2026-05-06 22:15:36.681 [info] fatal: not a git repository (or any of the parent directories): .git
2026-05-06 22:29:33.904 [info] > git rev-parse --show-toplevel [1ms]
2026-05-06 22:29:33.904 [info] fatal: not a git repository (or any of the parent directories): .git
2026-05-06 22:29:33.909 [info] > git rev-parse --show-toplevel [1ms]
2026-05-06 22:29:33.909 [info] fatal: not a git repository (or any of the parent directories): .git
2026-05-06 22:29:35.963 [info] > git rev-parse --show-toplevel [1ms]
2026-05-06 22:29:35.963 [info] fatal: not a git repository (or any of the parent directories): .git
2026-05-06 22:35:16.547 [info] > git rev-parse --show-toplevel [1ms]
2026-05-06 22:35:16.547 [info] fatal: not a git repository (or any of the parent directories): .git
2026-05-06 22:35:38.693 [info] > git rev-parse --show-toplevel [1ms]
2026-05-06 22:35:38.693 [info] fatal: not a git repository (or any of the parent directories): .git
2026-05-06 22:35:39.242 [info] > git rev-parse --show-toplevel [1ms]
2026-05-06 22:35:39.242 [info] fatal: not a git repository (or any of the parent directories): .git
2026-05-06 22:35:40.509 [info] > git rev-parse --show-toplevel [1ms]
2026-05-06 22:35:40.509 [info] fatal: not a git repository (or any of the parent directories): .git
2026-05-06 22:35:50.635 [info] > git rev-parse --show-toplevel [2ms]
2026-05-06 22:35:50.635 [info] fatal: not a git repository (or any of the parent directories): .git
2026-05-06 22:35:52.250 [info] > git rev-parse --show-toplevel [0ms]
2026-05-06 22:35:52.250 [info] fatal: not a git repository (or any of the parent directories): .git
2026-05-06 22:36:43.920 [info] > git rev-parse --show-toplevel [1ms]
2026-05-06 22:36:43.920 [info] fatal: not a git repository (or any of the parent directories): .git
2026-05-06 22:36:52.045 [info] > git rev-parse --show-toplevel [2ms]
2026-05-06 22:36:52.045 [info] fatal: not a git repository (or any of the parent directories): .git
2026-05-06 22:44:53.317 [info] > git rev-parse --show-toplevel [1ms]
2026-05-06 22:44:53.317 [info] fatal: not a git repository (or any of the parent directories): .git
2026-05-06 22:45:00.089 [info] > git rev-parse --show-toplevel [1ms]
2026-05-06 22:45:00.089 [info] fatal: not a git repository (or any of the parent directories): .git
2026-05-06 22:45:14.807 [info] > git rev-parse --show-toplevel [1ms]
2026-05-06 22:45:14.807 [info] fatal: not a git repository (or any of the parent directories): .git
2026-05-06 22:45:18.447 [info] > git rev-parse --show-toplevel [1ms]
2026-05-06 22:45:18.448 [info] fatal: not a git repository (or any of the parent directories): .git
2026-05-06 22:45:24.859 [info] > git rev-parse --show-toplevel [1ms]
2026-05-06 22:45:24.859 [info] fatal: not a git repository (or any of the parent directories): .git
2026-05-06 22:46:01.354 [info] > git rev-parse --show-toplevel [1ms]
2026-05-06 22:46:01.354 [info] fatal: not a git repository (or any of the parent directories): .git
2026-05-06 22:46:03.571 [info] > git rev-parse --show-toplevel [1ms]
2026-05-06 22:46:03.571 [info] fatal: not a git repository (or any of the parent directories): .git
2026-05-06 22:46:03.578 [info] > git rev-parse --show-toplevel [1ms]
2026-05-06 22:46:03.578 [info] fatal: not a git repository (or any of the parent directories): .git
2026-05-06 22:46:04.980 [info] > git rev-parse --show-toplevel [2ms]
2026-05-06 22:46:04.980 [info] fatal: not a git repository (or any of the parent directories): .git
2026-05-06 22:46:05.014 [info] > git rev-parse --show-toplevel [1ms]
2026-05-06 22:46:05.014 [info] fatal: not a git repository (or any of the parent directories): .git
2026-05-06 22:46:05.021 [info] > git rev-parse --show-toplevel [1ms]
2026-05-06 22:46:05.021 [info] fatal: not a git repository (or any of the parent directories): .git
2026-05-06 22:51:44.174 [info] > git rev-parse --show-toplevel [2ms]
2026-05-06 22:51:44.174 [info] fatal: not a git repository (or any of the parent directories): .git
2026-05-06 22:51:44.188 [info] > git rev-parse --show-toplevel [1ms]
2026-05-06 22:51:44.188 [info] fatal: not a git repository (or any of the parent directories): .git
2026-05-06 22:51:44.194 [info] > git rev-parse --show-toplevel [1ms]
2026-05-06 22:51:44.194 [info] fatal: not a git repository (or any of the parent directories): .git
2026-05-06 22:52:20.941 [info] > git rev-parse --show-toplevel [1ms]
2026-05-06 22:52:20.941 [info] fatal: not a git repository (or any of the parent directories): .git
2026-05-06 22:52:20.954 [info] > git rev-parse --show-toplevel [2ms]
2026-05-06 22:52:20.954 [info] fatal: not a git repository (or any of the parent directories): .git
2026-05-06 22:52:20.960 [info] > git rev-parse --show-toplevel [1ms]
2026-05-06 22:52:20.960 [info] fatal: not a git repository (or any of the parent directories): .git
2026-05-06 22:53:05.846 [info] > git rev-parse --show-toplevel [2ms]
2026-05-06 22:53:05.846 [info] fatal: not a git repository (or any of the parent directories): .git
2026-05-06 22:53:05.862 [info] > git rev-parse --show-toplevel [1ms]
2026-05-06 22:53:05.862 [info] fatal: not a git repository (or any of the parent directories): .git
2026-05-06 22:53:05.869 [info] > git rev-parse --show-toplevel [1ms]
2026-05-06 22:53:05.869 [info] fatal: not a git repository (or any of the parent directories): .git
2026-05-06 22:53:13.789 [info] > git rev-parse --show-toplevel [1ms]
2026-05-06 22:53:13.789 [info] fatal: not a git repository (or any of the parent directories): .git
2026-05-06 22:53:13.805 [info] > git rev-parse --show-toplevel [1ms]
2026-05-06 22:53:13.805 [info] fatal: not a git repository (or any of the parent directories): .git
2026-05-06 22:53:13.811 [info] > git rev-parse --show-toplevel [1ms]
2026-05-06 22:53:13.811 [info] fatal: not a git repository (or any of the parent directories): .git
2026-05-06 22:53:21.428 [info] > git rev-parse --show-toplevel [1ms]
2026-05-06 22:53:21.428 [info] fatal: not a git repository (or any of the parent directories): .git
2026-05-06 22:53:21.444 [info] > git rev-parse --show-toplevel [2ms]
2026-05-06 22:53:21.444 [info] fatal: not a git repository (or any of the parent directories): .git
2026-05-06 22:53:21.451 [info] > git rev-parse --show-toplevel [1ms]
2026-05-06 22:53:21.451 [info] fatal: not a git repository (or any of the parent directories): .git
2026-05-06 22:54:40.349 [info] > git rev-parse --show-toplevel [1ms]
2026-05-06 22:54:40.349 [info] fatal: not a git repository (or any of the parent directories): .git
2026-05-06 22:54:40.368 [info] > git rev-parse --show-toplevel [1ms]
2026-05-06 22:54:40.368 [info] fatal: not a git repository (or any of the parent directories): .git
2026-05-06 22:54:40.375 [info] > git rev-parse --show-toplevel [1ms]
2026-05-06 22:54:40.375 [info] fatal: not a git repository (or any of the parent directories): .git
2026-05-06 22:56:20.225 [info] > git rev-parse --show-toplevel [1ms]
2026-05-06 22:56:20.225 [info] fatal: not a git repository (or any of the parent directories): .git
2026-05-06 22:56:20.241 [info] > git rev-parse --show-toplevel [1ms]
2026-05-06 22:56:20.241 [info] fatal: not a git repository (or any of the parent directories): .git
2026-05-06 22:56:20.247 [info] > git rev-parse --show-toplevel [1ms]
2026-05-06 22:56:20.247 [info] fatal: not a git repository (or any of the parent directories): .git
2026-05-06 22:56:21.485 [info] > git rev-parse --show-toplevel [1ms]
2026-05-06 22:56:21.485 [info] fatal: not a git repository (or any of the parent directories): .git
2026-05-06 22:56:21.501 [info] > git rev-parse --show-toplevel [1ms]
2026-05-06 22:56:21.501 [info] fatal: not a git repository (or any of the parent directories): .git
2026-05-06 22:56:21.507 [info] > git rev-parse --show-toplevel [1ms]
2026-05-06 22:56:21.507 [info] fatal: not a git repository (or any of the parent directories): .git
2026-05-06 22:56:22.014 [info] > git rev-parse --show-toplevel [1ms]
2026-05-06 22:56:22.014 [info] fatal: not a git repository (or any of the parent directories): .git
2026-05-06 22:56:22.027 [info] > git rev-parse --show-toplevel [1ms]
2026-05-06 22:56:22.027 [info] fatal: not a git repository (or any of the parent directories): .git
2026-05-06 22:56:22.034 [info] > git rev-parse --show-toplevel [1ms]
2026-05-06 22:56:22.034 [info] fatal: not a git repository (or any of the parent directories): .git
2026-05-06 22:56:23.324 [info] > git rev-parse --show-toplevel [1ms]
2026-05-06 22:56:23.324 [info] fatal: not a git repository (or any of the parent directories): .git
2026-05-06 22:56:23.339 [info] > git rev-parse --show-toplevel [1ms]
2026-05-06 22:56:23.340 [info] fatal: not a git repository (or any of the parent directories): .git
2026-05-06 22:56:23.346 [info] > git rev-parse --show-toplevel [1ms]
2026-05-06 22:56:23.346 [info] fatal: not a git repository (or any of the parent directories): .git
2026-05-06 22:56:24.749 [info] > git rev-parse --show-toplevel [1ms]
2026-05-06 22:56:24.749 [info] fatal: not a git repository (or any of the parent directories): .git
2026-05-06 22:56:24.764 [info] > git rev-parse --show-toplevel [2ms]
2026-05-06 22:56:24.764 [info] fatal: not a git repository (or any of the parent directories): .git
2026-05-06 22:56:24.771 [info] > git rev-parse --show-toplevel [1ms]
2026-05-06 22:56:24.771 [info] fatal: not a git repository (or any of the parent directories): .git
2026-05-06 22:56:27.068 [info] > git rev-parse --show-toplevel [1ms]
2026-05-06 22:56:27.068 [info] fatal: not a git repository (or any of the parent directories): .git
2026-05-06 22:56:27.084 [info] > git rev-parse --show-toplevel [1ms]
2026-05-06 22:56:27.084 [info] fatal: not a git repository (or any of the parent directories): .git
2026-05-06 22:56:27.091 [info] > git rev-parse --show-toplevel [2ms]
2026-05-06 22:56:27.091 [info] fatal: not a git repository (or any of the parent directories): .git
2026-05-06 22:57:30.784 [info] > git rev-parse --show-toplevel [1ms]
2026-05-06 22:57:30.784 [info] fatal: not a git repository (or any of the parent directories): .git
2026-05-06 22:57:30.798 [info] > git rev-parse --show-toplevel [1ms]
2026-05-06 22:57:30.798 [info] fatal: not a git repository (or any of the parent directories): .git
2026-05-06 22:57:30.805 [info] > git rev-parse --show-toplevel [1ms]
2026-05-06 22:57:30.805 [info] fatal: not a git repository (or any of the parent directories): .git
2026-05-06 22:57:47.676 [info] > git rev-parse --show-toplevel [1ms]
2026-05-06 22:57:47.676 [info] fatal: not a git repository (or any of the parent directories): .git
2026-05-06 22:57:47.692 [info] > git rev-parse --show-toplevel [1ms]
2026-05-06 22:57:47.692 [info] fatal: not a git repository (or any of the parent directories): .git
2026-05-06 22:57:47.699 [info] > git rev-parse --show-toplevel [1ms]
2026-05-06 22:57:47.700 [info] fatal: not a git repository (or any of the parent directories): .git
2026-05-06 22:57:50.563 [info] > git rev-parse --show-toplevel [1ms]
2026-05-06 22:57:50.563 [info] fatal: not a git repository (or any of the parent directories): .git
2026-05-06 22:57:50.574 [info] > git rev-parse --show-toplevel [1ms]
2026-05-06 22:57:50.574 [info] fatal: not a git repository (or any of the parent directories): .git
2026-05-06 22:57:50.580 [info] > git rev-parse --show-toplevel [1ms]
2026-05-06 22:57:50.580 [info] fatal: not a git repository (or any of the parent directories): .git
2026-05-06 22:57:52.980 [info] > git rev-parse --show-toplevel [1ms]
2026-05-06 22:57:52.980 [info] fatal: not a git repository (or any of the parent directories): .git
2026-05-06 22:57:52.996 [info] > git rev-parse --show-toplevel [1ms]
2026-05-06 22:57:52.996 [info] fatal: not a git repository (or any of the parent directories): .git
2026-05-06 22:57:53.003 [info] > git rev-parse --show-toplevel [1ms]
2026-05-06 22:57:53.003 [info] fatal: not a git repository (or any of the parent directories): .git
2026-05-06 22:58:02.525 [info] > git rev-parse --show-toplevel [3ms]
2026-05-06 22:58:02.525 [info] fatal: not a git repository (or any of the parent directories): .git
2026-05-06 22:58:02.540 [info] > git rev-parse --show-toplevel [1ms]
2026-05-06 22:58:02.540 [info] fatal: not a git repository (or any of the parent directories): .git
2026-05-06 22:58:02.547 [info] > git rev-parse --show-toplevel [2ms]
2026-05-06 22:58:02.547 [info] fatal: not a git repository (or any of the parent directories): .git
