2026-05-06 18:48:51.810 [info] Extension host with pid 12256 started
2026-05-06 18:48:51.810 [info] Skipping acquiring lock for /home/vollpe/.config/Code - OSS/User/workspaceStorage/1031803e0170947c9e1cc94b5a3e2465.
2026-05-06 18:48:51.877 [info] ExtensionService#_doActivateExtension vscode.github-authentication, startup: false, activationEvent: 'onAuthenticationRequest:github'
2026-05-06 18:48:51.901 [info] ExtensionService#_doActivateExtension vscode.emmet, startup: false, activationEvent: 'onLanguage'
2026-05-06 18:48:51.914 [info] ExtensionService#_doActivateExtension theqtcompany.qt-core, startup: false, activationEvent: 'onLanguage:qml', root cause: theqtcompany.qt-qml
2026-05-06 18:48:52.092 [info] ExtensionService#_doActivateExtension theqtcompany.qt-qml, startup: false, activationEvent: 'onLanguage:qml'
2026-05-06 18:48:52.212 [info] ExtensionService#_doActivateExtension vscode.git-base, startup: true, activationEvent: '*', root cause: vscode.git
2026-05-06 18:48:52.228 [info] ExtensionService#_doActivateExtension vscode.git, startup: true, activationEvent: '*'
2026-05-06 18:48:52.273 [info] ExtensionService#_doActivateExtension vscode.github, startup: true, activationEvent: '*'
2026-05-06 18:48:52.365 [info] Eager extensions activated
2026-05-06 18:48:52.370 [info] ExtensionService#_doActivateExtension vscode.debug-auto-launch, startup: false, activationEvent: 'onStartupFinished'
2026-05-06 18:48:52.371 [info] ExtensionService#_doActivateExtension vscode.merge-conflict, startup: false, activationEvent: 'onStartupFinished'
2026-05-06 18:48:52.385 [info] ExtensionService#_doActivateExtension NarasimaPandiyan.jetbrainsmono, startup: false, activationEvent: 'onStartupFinished'
2026-05-06 18:48:52.387 [info] ExtensionService#_doActivateExtension usernamehw.errorlens, startup: false, activationEvent: 'onStartupFinished'
2026-05-06 18:48:57.188 [warning] The task [Qt, Acquire Port] uses an undefined task type. The task will be ignored in the future.
2026-05-06 21:37:15.858 [error] [theqtcompany.qt-qml] provider FAILED
2026-05-06 21:37:15.859 [error] Error: Cannot proceed: current QML document is invalid! Fix all the errors in your QML code and try again.
	at xt (/home/vollpe/.vscode-oss/extensions/theqtcompany.qt-qml-1.12.0-universal/out/extension.js:53:235)
	at rt (/home/vollpe/.vscode-oss/extensions/theqtcompany.qt-qml-1.12.0-universal/out/extension.js:52:6246)
	at dt (/home/vollpe/.vscode-oss/extensions/theqtcompany.qt-qml-1.12.0-universal/out/extension.js:52:6372)
	at Immediate.<anonymous> (/home/vollpe/.vscode-oss/extensions/theqtcompany.qt-qml-1.12.0-universal/out/extension.js:52:6133)
	at process.processImmediate (node:internal/timers:484:21)
2026-05-06 21:37:15.926 [error] [theqtcompany.qt-qml] provider FAILED
2026-05-06 21:37:15.926 [error] Error: Cannot proceed: current QML document is invalid! Fix all the errors in your QML code and try again.
	at xt (/home/vollpe/.vscode-oss/extensions/theqtcompany.qt-qml-1.12.0-universal/out/extension.js:53:235)
	at rt (/home/vollpe/.vscode-oss/extensions/theqtcompany.qt-qml-1.12.0-universal/out/extension.js:52:6246)
	at dt (/home/vollpe/.vscode-oss/extensions/theqtcompany.qt-qml-1.12.0-universal/out/extension.js:52:6372)
	at Immediate.<anonymous> (/home/vollpe/.vscode-oss/extensions/theqtcompany.qt-qml-1.12.0-universal/out/extension.js:52:6133)
	at process.processImmediate (node:internal/timers:484:21)
2026-05-06 21:37:16.131 [error] [theqtcompany.qt-qml] provider FAILED
2026-05-06 21:37:16.131 [error] Error: Cannot proceed: current QML document is invalid! Fix all the errors in your QML code and try again.
	at xt (/home/vollpe/.vscode-oss/extensions/theqtcompany.qt-qml-1.12.0-universal/out/extension.js:53:235)
	at rt (/home/vollpe/.vscode-oss/extensions/theqtcompany.qt-qml-1.12.0-universal/out/extension.js:52:6246)
	at dt (/home/vollpe/.vscode-oss/extensions/theqtcompany.qt-qml-1.12.0-universal/out/extension.js:52:6372)
	at Immediate.<anonymous> (/home/vollpe/.vscode-oss/extensions/theqtcompany.qt-qml-1.12.0-universal/out/extension.js:52:6133)
	at process.processImmediate (node:internal/timers:484:21)
2026-05-06 21:37:17.465 [error] [theqtcompany.qt-qml] provider FAILED
2026-05-06 21:37:17.465 [error] Error: Cannot proceed: current QML document is invalid! Fix all the errors in your QML code and try again.
	at xt (/home/vollpe/.vscode-oss/extensions/theqtcompany.qt-qml-1.12.0-universal/out/extension.js:53:235)
	at rt (/home/vollpe/.vscode-oss/extensions/theqtcompany.qt-qml-1.12.0-universal/out/extension.js:52:6246)
	at dt (/home/vollpe/.vscode-oss/extensions/theqtcompany.qt-qml-1.12.0-universal/out/extension.js:52:6372)
	at Immediate.<anonymous> (/home/vollpe/.vscode-oss/extensions/theqtcompany.qt-qml-1.12.0-universal/out/extension.js:52:6133)
	at process.processImmediate (node:internal/timers:484:21)
2026-05-06 21:37:18.203 [error] [theqtcompany.qt-qml] provider FAILED
2026-05-06 21:37:18.203 [error] Error: Cannot proceed: current QML document is invalid! Fix all the errors in your QML code and try again.
	at xt (/home/vollpe/.vscode-oss/extensions/theqtcompany.qt-qml-1.12.0-universal/out/extension.js:53:235)
	at rt (/home/vollpe/.vscode-oss/extensions/theqtcompany.qt-qml-1.12.0-universal/out/extension.js:52:6246)
	at dt (/home/vollpe/.vscode-oss/extensions/theqtcompany.qt-qml-1.12.0-universal/out/extension.js:52:6372)
	at Immediate.<anonymous> (/home/vollpe/.vscode-oss/extensions/theqtcompany.qt-qml-1.12.0-universal/out/extension.js:52:6133)
	at process.processImmediate (node:internal/timers:484:21)
2026-05-06 21:37:18.652 [error] [theqtcompany.qt-qml] provider FAILED
2026-05-06 21:37:18.652 [error] Error: Cannot proceed: current QML document is invalid! Fix all the errors in your QML code and try again.
	at xt (/home/vollpe/.vscode-oss/extensions/theqtcompany.qt-qml-1.12.0-universal/out/extension.js:53:235)
	at rt (/home/vollpe/.vscode-oss/extensions/theqtcompany.qt-qml-1.12.0-universal/out/extension.js:52:6246)
	at dt (/home/vollpe/.vscode-oss/extensions/theqtcompany.qt-qml-1.12.0-universal/out/extension.js:52:6372)
	at Immediate.<anonymous> (/home/vollpe/.vscode-oss/extensions/theqtcompany.qt-qml-1.12.0-universal/out/extension.js:52:6133)
	at process.processImmediate (node:internal/timers:484:21)
2026-05-06 21:37:18.906 [error] [theqtcompany.qt-qml] provider FAILED
2026-05-06 21:37:18.906 [error] Error: Cannot proceed: current QML document is invalid! Fix all the errors in your QML code and try again.
	at xt (/home/vollpe/.vscode-oss/extensions/theqtcompany.qt-qml-1.12.0-universal/out/extension.js:53:235)
	at rt (/home/vollpe/.vscode-oss/extensions/theqtcompany.qt-qml-1.12.0-universal/out/extension.js:52:6246)
	at dt (/home/vollpe/.vscode-oss/extensions/theqtcompany.qt-qml-1.12.0-universal/out/extension.js:52:6372)
	at Immediate.<anonymous> (/home/vollpe/.vscode-oss/extensions/theqtcompany.qt-qml-1.12.0-universal/out/extension.js:52:6133)
	at process.processImmediate (node:internal/timers:484:21)
2026-05-06 21:37:19.126 [error] [theqtcompany.qt-qml] provider FAILED
2026-05-06 21:37:19.126 [error] Error: Cannot proceed: current QML document is invalid! Fix all the errors in your QML code and try again.
	at xt (/home/vollpe/.vscode-oss/extensions/theqtcompany.qt-qml-1.12.0-universal/out/extension.js:53:235)
	at rt (/home/vollpe/.vscode-oss/extensions/theqtcompany.qt-qml-1.12.0-universal/out/extension.js:52:6246)
	at dt (/home/vollpe/.vscode-oss/extensions/theqtcompany.qt-qml-1.12.0-universal/out/extension.js:52:6372)
	at Immediate.<anonymous> (/home/vollpe/.vscode-oss/extensions/theqtcompany.qt-qml-1.12.0-universal/out/extension.js:52:6133)
	at process.processImmediate (node:internal/timers:484:21)
2026-05-06 22:09:15.036 [error] [theqtcompany.qt-qml] provider FAILED
2026-05-06 22:09:15.036 [error] Error: Cannot proceed: current QML document is invalid! Fix all the errors in your QML code and try again.
	at xt (/home/vollpe/.vscode-oss/extensions/theqtcompany.qt-qml-1.12.0-universal/out/extension.js:53:235)
	at rt (/home/vollpe/.vscode-oss/extensions/theqtcompany.qt-qml-1.12.0-universal/out/extension.js:52:6246)
	at dt (/home/vollpe/.vscode-oss/extensions/theqtcompany.qt-qml-1.12.0-universal/out/extension.js:52:6372)
	at Immediate.<anonymous> (/home/vollpe/.vscode-oss/extensions/theqtcompany.qt-qml-1.12.0-universal/out/extension.js:52:6133)
	at process.processImmediate (node:internal/timers:484:21)
2026-05-06 22:09:15.132 [error] [theqtcompany.qt-qml] provider FAILED
2026-05-06 22:09:15.132 [error] Error: Cannot proceed: current QML document is invalid! Fix all the errors in your QML code and try again.
	at xt (/home/vollpe/.vscode-oss/extensions/theqtcompany.qt-qml-1.12.0-universal/out/extension.js:53:235)
	at rt (/home/vollpe/.vscode-oss/extensions/theqtcompany.qt-qml-1.12.0-universal/out/extension.js:52:6246)
	at dt (/home/vollpe/.vscode-oss/extensions/theqtcompany.qt-qml-1.12.0-universal/out/extension.js:52:6372)
	at Immediate.<anonymous> (/home/vollpe/.vscode-oss/extensions/theqtcompany.qt-qml-1.12.0-universal/out/extension.js:52:6133)
	at process.processImmediate (node:internal/timers:484:21)
2026-05-06 22:40:36.514 [error] [theqtcompany.qt-qml] provider FAILED
2026-05-06 22:40:36.514 [error] Error: Cannot format invalid documents!
	at xt (/home/vollpe/.vscode-oss/extensions/theqtcompany.qt-qml-1.12.0-universal/out/extension.js:53:235)
	at rt (/home/vollpe/.vscode-oss/extensions/theqtcompany.qt-qml-1.12.0-universal/out/extension.js:52:6246)
	at dt (/home/vollpe/.vscode-oss/extensions/theqtcompany.qt-qml-1.12.0-universal/out/extension.js:52:6372)
	at Immediate.<anonymous> (/home/vollpe/.vscode-oss/extensions/theqtcompany.qt-qml-1.12.0-universal/out/extension.js:52:6133)
	at process.processImmediate (node:internal/timers:484:21)
2026-05-06 23:03:17.838 [info] Extension host terminating: received terminate message from renderer
2026-05-06 23:03:17.846 [error] An error occurred when deactivating the extension 'NarasimaPandiyan.jetbrainsmono':
2026-05-06 23:03:17.846 [error] TypeError: Cannot read properties of undefined (reading 'extension')
	at deactivateJBM (/home/vollpe/.vscode-oss/extensions/narasimapandiyan.jetbrainsmono-1.0.3-universal/out/util.js:54:27)
	at Object.deactivate (/home/vollpe/.vscode-oss/extensions/narasimapandiyan.jetbrainsmono-1.0.3-universal/out/extension.js:16:30)
	at yP._deactivate (file:///usr/lib/code/out/vs/workbench/api/node/extensionHostProcess.js:505:14479)
	at file:///usr/lib/code/out/vs/workbench/api/node/extensionHostProcess.js:505:12006
	at Array.map (<anonymous>)
	at yP._deactivateAll (file:///usr/lib/code/out/vs/workbench/api/node/extensionHostProcess.js:505:11994)
	at yP.terminate (file:///usr/lib/code/out/vs/workbench/api/node/extensionHostProcess.js:505:12345)
	at i.terminate (file:///usr/lib/code/out/vs/workbench/api/node/extensionHostProcess.js:507:1072)
	at js (file:///usr/lib/code/out/vs/workbench/api/node/extensionHostProcess.js:831:11700)
	at ap.value (file:///usr/lib/code/out/vs/workbench/api/node/extensionHostProcess.js:831:9847)
	at E._deliver (file:///usr/lib/code/out/vs/workbench/api/node/extensionHostProcess.js:403:3126)
	at E.fire (file:///usr/lib/code/out/vs/workbench/api/node/extensionHostProcess.js:403:3444)
	at as.fire (file:///usr/lib/code/out/vs/workbench/api/node/extensionHostProcess.js:405:8437)
	at MessagePortMain.<anonymous> (file:///usr/lib/code/out/vs/workbench/api/node/extensionHostProcess.js:831:8082)
	at MessagePortMain.emit (node:events:519:28)
	at MessagePortMain._internalPort.emit (node:electron/js2c/utility_init:2:2959)
2026-05-06 23:03:17.851 [info] Extension host with pid 12256 exiting with code 0
