2026-05-05 21:13:20.849 [info] [main] Log level: Info
2026-05-05 21:13:20.849 [info] [main] Validating found git in: "git"
2026-05-05 21:13:20.849 [info] [main] Using git "2.54.0" from "git"
2026-05-05 21:13:20.849 [info] [Model][doInitialScan] Initial repository scan started
2026-05-05 21:13:20.849 [info] > git rev-parse --show-toplevel [5ms]
2026-05-05 21:13:20.849 [info] fatal: not a git repository (or any of the parent directories): .git
2026-05-05 21:13:20.849 [info] > git rev-parse --show-toplevel [2ms]
2026-05-05 21:13:20.849 [info] fatal: not a git repository (or any of the parent directories): .git
2026-05-05 21:13:20.849 [info] > git rev-parse --show-toplevel [24ms]
2026-05-05 21:13:20.849 [info] fatal: not a git repository (or any of the parent directories): .git
2026-05-05 21:13:20.849 [info] > git rev-parse --show-toplevel [11ms]
2026-05-05 21:13:20.849 [info] fatal: not a git repository (or any of the parent directories): .git
2026-05-05 21:13:20.855 [info] > git rev-parse --show-toplevel [1ms]
2026-05-05 21:13:20.855 [info] fatal: not a git repository (or any of the parent directories): .git
2026-05-05 21:13:20.855 [info] [Model][doInitialScan] Initial repository scan completed - repositories (0), closed repositories (0), parent repositories (0), unsafe repositories (0)
2026-05-05 21:13:21.069 [info] > git rev-parse --show-toplevel [6ms]
2026-05-05 21:13:21.069 [info] fatal: not a git repository (or any of the parent directories): .git
2026-05-05 21:13:21.075 [info] > git rev-parse --show-toplevel [1ms]
2026-05-05 21:13:21.075 [info] fatal: not a git repository (or any of the parent directories): .git
2026-05-05 21:13:21.419 [info] > git rev-parse --show-toplevel [2ms]
2026-05-05 21:13:21.419 [info] fatal: not a git repository (or any of the parent directories): .git
2026-05-05 21:13:22.035 [info] > git rev-parse --show-toplevel [4ms]
2026-05-05 21:13:22.035 [info] fatal: not a git repository (or any of the parent directories): .git
2026-05-05 21:13:22.207 [info] > git rev-parse --show-toplevel [0ms]
2026-05-05 21:13:22.207 [info] fatal: not a git repository (or any of the parent directories): .git
