2026-05-06 18:48:51.351 [info] Started local extension host with pid 12256.
2026-05-06 18:48:51.437 [error] Extension 'ms-python.debugpy CANNOT USE these API proposals 'portsAttributes, debugVisualization, contribViewsWelcome'. You MUST start in extension development mode or use the --enable-proposed-api command line flag
2026-05-06 18:48:51.437 [error] Extension 'ms-python.python CANNOT USE these API proposals 'contribEditorContentMenu, quickPickSortByLabel, testObserver, quickPickItemTooltip, terminalDataWriteEvent, terminalExecuteCommandEvent, codeActionAI, notebookReplDocument, notebookVariableProvider'. You MUST start in extension development mode or use the --enable-proposed-api command line flag
2026-05-06 18:48:51.437 [error] Extension 'ms-python.vscode-python-envs CANNOT USE these API proposals 'terminalShellEnv, terminalDataWriteEvent, taskExecutionTerminal'. You MUST start in extension development mode or use the --enable-proposed-api command line flag
2026-05-06 18:48:54.169 [info] [perf] Render performance baseline is 25ms
2026-05-06 19:50:09.770 [error] spawn linux ENOENT: Error: spawn linux ENOENT
    at ChildProcess._handle.onexit (node:internal/child_process:285:19)
    at onErrorNT (node:internal/child_process:483:16)
    at process.processTicksAndRejections (node:internal/process/task_queues:89:21)
2026-05-06 21:36:37.079 [warning] Invalid semantic tokens edit detected (previousResultId: 42, resultId: 43) at edit #0: The provided start offset 167 is outside the previous data (length 165).
2026-05-06 21:36:59.256 [warning] Semantic token with invalid length detected at lineNumber 18, column 15
2026-05-06 21:37:15.878 [error] Cannot proceed: current QML document is invalid! Fix all the errors in your QML code and try again.: Error: Cannot proceed: current QML document is invalid! Fix all the errors in your QML code and try again.
	at xt (/home/vollpe/.vscode-oss/extensions/theqtcompany.qt-qml-1.12.0-universal/out/extension.js:53:235)
	at rt (/home/vollpe/.vscode-oss/extensions/theqtcompany.qt-qml-1.12.0-universal/out/extension.js:52:6246)
	at dt (/home/vollpe/.vscode-oss/extensions/theqtcompany.qt-qml-1.12.0-universal/out/extension.js:52:6372)
	at Immediate.<anonymous> (/home/vollpe/.vscode-oss/extensions/theqtcompany.qt-qml-1.12.0-universal/out/extension.js:52:6133)
	at process.processImmediate (node:internal/timers:484:21)
2026-05-06 21:37:17.480 [error] Cannot proceed: current QML document is invalid! Fix all the errors in your QML code and try again.: Error: Cannot proceed: current QML document is invalid! Fix all the errors in your QML code and try again.
	at xt (/home/vollpe/.vscode-oss/extensions/theqtcompany.qt-qml-1.12.0-universal/out/extension.js:53:235)
	at rt (/home/vollpe/.vscode-oss/extensions/theqtcompany.qt-qml-1.12.0-universal/out/extension.js:52:6246)
	at dt (/home/vollpe/.vscode-oss/extensions/theqtcompany.qt-qml-1.12.0-universal/out/extension.js:52:6372)
	at Immediate.<anonymous> (/home/vollpe/.vscode-oss/extensions/theqtcompany.qt-qml-1.12.0-universal/out/extension.js:52:6133)
	at process.processImmediate (node:internal/timers:484:21)
2026-05-06 21:37:18.665 [error] Cannot proceed: current QML document is invalid! Fix all the errors in your QML code and try again.: Error: Cannot proceed: current QML document is invalid! Fix all the errors in your QML code and try again.
	at xt (/home/vollpe/.vscode-oss/extensions/theqtcompany.qt-qml-1.12.0-universal/out/extension.js:53:235)
	at rt (/home/vollpe/.vscode-oss/extensions/theqtcompany.qt-qml-1.12.0-universal/out/extension.js:52:6246)
	at dt (/home/vollpe/.vscode-oss/extensions/theqtcompany.qt-qml-1.12.0-universal/out/extension.js:52:6372)
	at Immediate.<anonymous> (/home/vollpe/.vscode-oss/extensions/theqtcompany.qt-qml-1.12.0-universal/out/extension.js:52:6133)
	at process.processImmediate (node:internal/timers:484:21)
2026-05-06 21:52:51.689 [warning] Overlapping semantic tokens detected at lineNumber 23, column 15
2026-05-06 22:09:15.053 [error] Cannot proceed: current QML document is invalid! Fix all the errors in your QML code and try again.: Error: Cannot proceed: current QML document is invalid! Fix all the errors in your QML code and try again.
	at xt (/home/vollpe/.vscode-oss/extensions/theqtcompany.qt-qml-1.12.0-universal/out/extension.js:53:235)
	at rt (/home/vollpe/.vscode-oss/extensions/theqtcompany.qt-qml-1.12.0-universal/out/extension.js:52:6246)
	at dt (/home/vollpe/.vscode-oss/extensions/theqtcompany.qt-qml-1.12.0-universal/out/extension.js:52:6372)
	at Immediate.<anonymous> (/home/vollpe/.vscode-oss/extensions/theqtcompany.qt-qml-1.12.0-universal/out/extension.js:52:6133)
	at process.processImmediate (node:internal/timers:484:21)
2026-05-06 22:29:42.047 [warning] Overlapping semantic tokens detected at lineNumber 47, column 22
2026-05-06 22:40:36.515 [error] Error: Cannot format invalid documents!
	at xt (/home/vollpe/.vscode-oss/extensions/theqtcompany.qt-qml-1.12.0-universal/out/extension.js:53:235)
	at rt (/home/vollpe/.vscode-oss/extensions/theqtcompany.qt-qml-1.12.0-universal/out/extension.js:52:6246)
	at dt (/home/vollpe/.vscode-oss/extensions/theqtcompany.qt-qml-1.12.0-universal/out/extension.js:52:6372)
	at Immediate.<anonymous> (/home/vollpe/.vscode-oss/extensions/theqtcompany.qt-qml-1.12.0-universal/out/extension.js:52:6133)
	at process.processImmediate (node:internal/timers:484:21)
