2026-05-31T13:12:34.431Z info: LosslessCut version 3.68.0 { isDev: false }
2026-05-31T13:12:34.603Z info: Backed up config file to /home/vollpe/.config/LosslessCut/config.json.backup-v3.68.0-1-1780233154447
2026-05-31T13:12:34.603Z error: Failed to migrate old keyboard binding ShiftLeft+Equal addSegment AssertionError [ERR_ASSERTION]: Unknown key: ShiftLeft
    at file:///usr/share/losslesscut/resources/app.asar/out/main/index.js:473:11
    at Array.map (<anonymous>)
    at file:///usr/share/losslesscut/resources/app.asar/out/main/index.js:471:12
    at Array.map (<anonymous>)
    at init$1 (file:///usr/share/losslesscut/resources/app.asar/out/main/index.js:358:37)
    at async init (file:///usr/share/losslesscut/resources/app.asar/out/main/index.js:1957:5) {
  generatedMessage: false,
  code: 'ERR_ASSERTION',
  actual: false,
  expected: true,
  operator: '==',
  diff: 'simple'
}
2026-05-31T13:12:34.604Z error: Failed to migrate old keyboard binding KeyK togglePlayNoResetSpeed AssertionError [ERR_ASSERTION]: Unknown key: KeyK
    at file:///usr/share/losslesscut/resources/app.asar/out/main/index.js:473:11
    at Array.map (<anonymous>)
    at file:///usr/share/losslesscut/resources/app.asar/out/main/index.js:471:12
    at Array.map (<anonymous>)
    at init$1 (file:///usr/share/losslesscut/resources/app.asar/out/main/index.js:358:37)
    at async init (file:///usr/share/losslesscut/resources/app.asar/out/main/index.js:1957:5) {
  generatedMessage: false,
  code: 'ERR_ASSERTION',
  actual: false,
  expected: true,
  operator: '==',
  diff: 'simple'
}
2026-05-31T13:12:34.604Z error: Failed to migrate old keyboard binding KeyJ reducePlaybackRate AssertionError [ERR_ASSERTION]: Unknown key: KeyJ
    at file:///usr/share/losslesscut/resources/app.asar/out/main/index.js:473:11
    at Array.map (<anonymous>)
    at file:///usr/share/losslesscut/resources/app.asar/out/main/index.js:471:12
    at Array.map (<anonymous>)
    at init$1 (file:///usr/share/losslesscut/resources/app.asar/out/main/index.js:358:37)
    at async init (file:///usr/share/losslesscut/resources/app.asar/out/main/index.js:1957:5) {
  generatedMessage: false,
  code: 'ERR_ASSERTION',
  actual: false,
  expected: true,
  operator: '==',
  diff: 'simple'
}
2026-05-31T13:12:34.604Z error: Failed to migrate old keyboard binding ShiftLeft+KeyJ reducePlaybackRateMore AssertionError [ERR_ASSERTION]: Unknown key: ShiftLeft
    at file:///usr/share/losslesscut/resources/app.asar/out/main/index.js:473:11
    at Array.map (<anonymous>)
    at file:///usr/share/losslesscut/resources/app.asar/out/main/index.js:471:12
    at Array.map (<anonymous>)
    at init$1 (file:///usr/share/losslesscut/resources/app.asar/out/main/index.js:358:37)
    at async init (file:///usr/share/losslesscut/resources/app.asar/out/main/index.js:1957:5) {
  generatedMessage: false,
  code: 'ERR_ASSERTION',
  actual: false,
  expected: true,
  operator: '==',
  diff: 'simple'
}
2026-05-31T13:12:34.604Z error: Failed to migrate old keyboard binding KeyL increasePlaybackRate AssertionError [ERR_ASSERTION]: Unknown key: KeyL
    at file:///usr/share/losslesscut/resources/app.asar/out/main/index.js:473:11
    at Array.map (<anonymous>)
    at file:///usr/share/losslesscut/resources/app.asar/out/main/index.js:471:12
    at Array.map (<anonymous>)
    at init$1 (file:///usr/share/losslesscut/resources/app.asar/out/main/index.js:358:37)
    at async init (file:///usr/share/losslesscut/resources/app.asar/out/main/index.js:1957:5) {
  generatedMessage: false,
  code: 'ERR_ASSERTION',
  actual: false,
  expected: true,
  operator: '==',
  diff: 'simple'
}
2026-05-31T13:12:34.604Z error: Failed to migrate old keyboard binding ShiftLeft+KeyL increasePlaybackRateMore AssertionError [ERR_ASSERTION]: Unknown key: ShiftLeft
    at file:///usr/share/losslesscut/resources/app.asar/out/main/index.js:473:11
    at Array.map (<anonymous>)
    at file:///usr/share/losslesscut/resources/app.asar/out/main/index.js:471:12
    at Array.map (<anonymous>)
    at init$1 (file:///usr/share/losslesscut/resources/app.asar/out/main/index.js:358:37)
    at async init (file:///usr/share/losslesscut/resources/app.asar/out/main/index.js:1957:5) {
  generatedMessage: false,
  code: 'ERR_ASSERTION',
  actual: false,
  expected: true,
  operator: '==',
  diff: 'simple'
}
2026-05-31T13:12:34.604Z error: Failed to migrate old keyboard binding KeyZ timelineToggleComfortZoom AssertionError [ERR_ASSERTION]: Unknown key: KeyZ
    at file:///usr/share/losslesscut/resources/app.asar/out/main/index.js:473:11
    at Array.map (<anonymous>)
    at file:///usr/share/losslesscut/resources/app.asar/out/main/index.js:471:12
    at Array.map (<anonymous>)
    at init$1 (file:///usr/share/losslesscut/resources/app.asar/out/main/index.js:358:37)
    at async init (file:///usr/share/losslesscut/resources/app.asar/out/main/index.js:1957:5) {
  generatedMessage: false,
  code: 'ERR_ASSERTION',
  actual: false,
  expected: true,
  operator: '==',
  diff: 'simple'
}
2026-05-31T13:12:34.604Z error: Failed to migrate old keyboard binding ShiftLeft+KeyZ makeCursorTimeZero AssertionError [ERR_ASSERTION]: Unknown key: ShiftLeft
    at file:///usr/share/losslesscut/resources/app.asar/out/main/index.js:473:11
    at Array.map (<anonymous>)
    at file:///usr/share/losslesscut/resources/app.asar/out/main/index.js:471:12
    at Array.map (<anonymous>)
    at init$1 (file:///usr/share/losslesscut/resources/app.asar/out/main/index.js:358:37)
    at async init (file:///usr/share/losslesscut/resources/app.asar/out/main/index.js:1957:5) {
  generatedMessage: false,
  code: 'ERR_ASSERTION',
  actual: false,
  expected: true,
  operator: '==',
  diff: 'simple'
}
2026-05-31T13:12:34.605Z error: Failed to migrate old keyboard binding Comma seekPreviousFrame AssertionError [ERR_ASSERTION]: Unknown key: Comma
    at file:///usr/share/losslesscut/resources/app.asar/out/main/index.js:473:11
    at Array.map (<anonymous>)
    at file:///usr/share/losslesscut/resources/app.asar/out/main/index.js:471:12
    at Array.map (<anonymous>)
    at init$1 (file:///usr/share/losslesscut/resources/app.asar/out/main/index.js:358:37)
    at async init (file:///usr/share/losslesscut/resources/app.asar/out/main/index.js:1957:5) {
  generatedMessage: false,
  code: 'ERR_ASSERTION',
  actual: false,
  expected: true,
  operator: '==',
  diff: 'simple'
}
2026-05-31T13:12:34.605Z error: Failed to migrate old keyboard binding Period seekNextFrame AssertionError [ERR_ASSERTION]: Unknown key: Period
    at file:///usr/share/losslesscut/resources/app.asar/out/main/index.js:473:11
    at Array.map (<anonymous>)
    at file:///usr/share/losslesscut/resources/app.asar/out/main/index.js:471:12
    at Array.map (<anonymous>)
    at init$1 (file:///usr/share/losslesscut/resources/app.asar/out/main/index.js:358:37)
    at async init (file:///usr/share/losslesscut/resources/app.asar/out/main/index.js:1957:5) {
  generatedMessage: false,
  code: 'ERR_ASSERTION',
  actual: false,
  expected: true,
  operator: '==',
  diff: 'simple'
}
2026-05-31T13:12:34.605Z error: Failed to migrate old keyboard binding KeyC captureSnapshot AssertionError [ERR_ASSERTION]: Unknown key: KeyC
    at file:///usr/share/losslesscut/resources/app.asar/out/main/index.js:473:11
    at Array.map (<anonymous>)
    at file:///usr/share/losslesscut/resources/app.asar/out/main/index.js:471:12
    at Array.map (<anonymous>)
    at init$1 (file:///usr/share/losslesscut/resources/app.asar/out/main/index.js:358:37)
    at async init (file:///usr/share/losslesscut/resources/app.asar/out/main/index.js:1957:5) {
  generatedMessage: false,
  code: 'ERR_ASSERTION',
  actual: false,
  expected: true,
  operator: '==',
  diff: 'simple'
}
2026-05-31T13:12:34.605Z error: Failed to migrate old keyboard binding ControlLeft+KeyC copySegmentsToClipboard AssertionError [ERR_ASSERTION]: Unknown key: ControlLeft
    at file:///usr/share/losslesscut/resources/app.asar/out/main/index.js:473:11
    at Array.map (<anonymous>)
    at file:///usr/share/losslesscut/resources/app.asar/out/main/index.js:471:12
    at Array.map (<anonymous>)
    at init$1 (file:///usr/share/losslesscut/resources/app.asar/out/main/index.js:358:37)
    at async init (file:///usr/share/losslesscut/resources/app.asar/out/main/index.js:1957:5) {
  generatedMessage: false,
  code: 'ERR_ASSERTION',
  actual: false,
  expected: true,
  operator: '==',
  diff: 'simple'
}
2026-05-31T13:12:34.605Z error: Failed to migrate old keyboard binding MetaLeft+KeyC copySegmentsToClipboard AssertionError [ERR_ASSERTION]: Unknown key: MetaLeft
    at file:///usr/share/losslesscut/resources/app.asar/out/main/index.js:473:11
    at Array.map (<anonymous>)
    at file:///usr/share/losslesscut/resources/app.asar/out/main/index.js:471:12
    at Array.map (<anonymous>)
    at init$1 (file:///usr/share/losslesscut/resources/app.asar/out/main/index.js:358:37)
    at async init (file:///usr/share/losslesscut/resources/app.asar/out/main/index.js:1957:5) {
  generatedMessage: false,
  code: 'ERR_ASSERTION',
  actual: false,
  expected: true,
  operator: '==',
  diff: 'simple'
}
2026-05-31T13:12:34.605Z error: Failed to migrate old keyboard binding ShiftLeft+KeyC captureSnapshotToClipboard AssertionError [ERR_ASSERTION]: Unknown key: ShiftLeft
    at file:///usr/share/losslesscut/resources/app.asar/out/main/index.js:473:11
    at Array.map (<anonymous>)
    at file:///usr/share/losslesscut/resources/app.asar/out/main/index.js:471:12
    at Array.map (<anonymous>)
    at init$1 (file:///usr/share/losslesscut/resources/app.asar/out/main/index.js:358:37)
    at async init (file:///usr/share/losslesscut/resources/app.asar/out/main/index.js:1957:5) {
  generatedMessage: false,
  code: 'ERR_ASSERTION',
  actual: false,
  expected: true,
  operator: '==',
  diff: 'simple'
}
2026-05-31T13:12:34.605Z error: Failed to migrate old keyboard binding KeyI setCutStart AssertionError [ERR_ASSERTION]: Unknown key: KeyI
    at file:///usr/share/losslesscut/resources/app.asar/out/main/index.js:473:11
    at Array.map (<anonymous>)
    at file:///usr/share/losslesscut/resources/app.asar/out/main/index.js:471:12
    at Array.map (<anonymous>)
    at init$1 (file:///usr/share/losslesscut/resources/app.asar/out/main/index.js:358:37)
    at async init (file:///usr/share/losslesscut/resources/app.asar/out/main/index.js:1957:5) {
  generatedMessage: false,
  code: 'ERR_ASSERTION',
  actual: false,
  expected: true,
  operator: '==',
  diff: 'simple'
}
2026-05-31T13:12:34.605Z error: Failed to migrate old keyboard binding KeyO setCutEnd AssertionError [ERR_ASSERTION]: Unknown key: KeyO
    at file:///usr/share/losslesscut/resources/app.asar/out/main/index.js:473:11
    at Array.map (<anonymous>)
    at file:///usr/share/losslesscut/resources/app.asar/out/main/index.js:471:12
    at Array.map (<anonymous>)
    at init$1 (file:///usr/share/losslesscut/resources/app.asar/out/main/index.js:358:37)
    at async init (file:///usr/share/losslesscut/resources/app.asar/out/main/index.js:1957:5) {
  generatedMessage: false,
  code: 'ERR_ASSERTION',
  actual: false,
  expected: true,
  operator: '==',
  diff: 'simple'
}
2026-05-31T13:12:34.605Z error: Failed to migrate old keyboard binding KeyD cleanupFilesDialog AssertionError [ERR_ASSERTION]: Unknown key: KeyD
    at file:///usr/share/losslesscut/resources/app.asar/out/main/index.js:473:11
    at Array.map (<anonymous>)
    at file:///usr/share/losslesscut/resources/app.asar/out/main/index.js:471:12
    at Array.map (<anonymous>)
    at init$1 (file:///usr/share/losslesscut/resources/app.asar/out/main/index.js:358:37)
    at async init (file:///usr/share/losslesscut/resources/app.asar/out/main/index.js:1957:5) {
  generatedMessage: false,
  code: 'ERR_ASSERTION',
  actual: false,
  expected: true,
  operator: '==',
  diff: 'simple'
}
2026-05-31T13:12:34.605Z error: Failed to migrate old keyboard binding KeyB splitCurrentSegment AssertionError [ERR_ASSERTION]: Unknown key: KeyB
    at file:///usr/share/losslesscut/resources/app.asar/out/main/index.js:473:11
    at Array.map (<anonymous>)
    at file:///usr/share/losslesscut/resources/app.asar/out/main/index.js:471:12
    at Array.map (<anonymous>)
    at init$1 (file:///usr/share/losslesscut/resources/app.asar/out/main/index.js:358:37)
    at async init (file:///usr/share/losslesscut/resources/app.asar/out/main/index.js:1957:5) {
  generatedMessage: false,
  code: 'ERR_ASSERTION',
  actual: false,
  expected: true,
  operator: '==',
  diff: 'simple'
}
2026-05-31T13:12:34.605Z error: Failed to migrate old keyboard binding KeyR increaseRotation AssertionError [ERR_ASSERTION]: Unknown key: KeyR
    at file:///usr/share/losslesscut/resources/app.asar/out/main/index.js:473:11
    at Array.map (<anonymous>)
    at file:///usr/share/losslesscut/resources/app.asar/out/main/index.js:471:12
    at Array.map (<anonymous>)
    at init$1 (file:///usr/share/losslesscut/resources/app.asar/out/main/index.js:358:37)
    at async init (file:///usr/share/losslesscut/resources/app.asar/out/main/index.js:1957:5) {
  generatedMessage: false,
  code: 'ERR_ASSERTION',
  actual: false,
  expected: true,
  operator: '==',
  diff: 'simple'
}
2026-05-31T13:12:34.606Z error: Failed to migrate old keyboard binding KeyG goToTimecode AssertionError [ERR_ASSERTION]: Unknown key: KeyG
    at file:///usr/share/losslesscut/resources/app.asar/out/main/index.js:473:11
    at Array.map (<anonymous>)
    at file:///usr/share/losslesscut/resources/app.asar/out/main/index.js:471:12
    at Array.map (<anonymous>)
    at init$1 (file:///usr/share/losslesscut/resources/app.asar/out/main/index.js:358:37)
    at async init (file:///usr/share/losslesscut/resources/app.asar/out/main/index.js:1957:5) {
  generatedMessage: false,
  code: 'ERR_ASSERTION',
  actual: false,
  expected: true,
  operator: '==',
  diff: 'simple'
}
2026-05-31T13:12:34.606Z error: Failed to migrate old keyboard binding KeyT toggleStripAll AssertionError [ERR_ASSERTION]: Unknown key: KeyT
    at file:///usr/share/losslesscut/resources/app.asar/out/main/index.js:473:11
    at Array.map (<anonymous>)
    at file:///usr/share/losslesscut/resources/app.asar/out/main/index.js:471:12
    at Array.map (<anonymous>)
    at init$1 (file:///usr/share/losslesscut/resources/app.asar/out/main/index.js:358:37)
    at async init (file:///usr/share/losslesscut/resources/app.asar/out/main/index.js:1957:5) {
  generatedMessage: false,
  code: 'ERR_ASSERTION',
  actual: false,
  expected: true,
  operator: '==',
  diff: 'simple'
}
2026-05-31T13:12:34.606Z error: Failed to migrate old keyboard binding ShiftLeft+KeyT toggleStripCurrentFilter AssertionError [ERR_ASSERTION]: Unknown key: ShiftLeft
    at file:///usr/share/losslesscut/resources/app.asar/out/main/index.js:473:11
    at Array.map (<anonymous>)
    at file:///usr/share/losslesscut/resources/app.asar/out/main/index.js:471:12
    at Array.map (<anonymous>)
    at init$1 (file:///usr/share/losslesscut/resources/app.asar/out/main/index.js:358:37)
    at async init (file:///usr/share/losslesscut/resources/app.asar/out/main/index.js:1957:5) {
  generatedMessage: false,
  code: 'ERR_ASSERTION',
  actual: false,
  expected: true,
  operator: '==',
  diff: 'simple'
}
2026-05-31T13:12:34.606Z error: Failed to migrate old keyboard binding ArrowLeft seekBackwards AssertionError [ERR_ASSERTION]: Unknown key: ArrowLeft
    at file:///usr/share/losslesscut/resources/app.asar/out/main/index.js:473:11
    at Array.map (<anonymous>)
    at file:///usr/share/losslesscut/resources/app.asar/out/main/index.js:471:12
    at Array.map (<anonymous>)
    at init$1 (file:///usr/share/losslesscut/resources/app.asar/out/main/index.js:358:37)
    at async init (file:///usr/share/losslesscut/resources/app.asar/out/main/index.js:1957:5) {
  generatedMessage: false,
  code: 'ERR_ASSERTION',
  actual: false,
  expected: true,
  operator: '==',
  diff: 'simple'
}
2026-05-31T13:12:34.606Z error: Failed to migrate old keyboard binding ControlLeft+ShiftLeft+ArrowLeft seekBackwards2 AssertionError [ERR_ASSERTION]: Unknown key: ControlLeft
    at file:///usr/share/losslesscut/resources/app.asar/out/main/index.js:473:11
    at Array.map (<anonymous>)
    at file:///usr/share/losslesscut/resources/app.asar/out/main/index.js:471:12
    at Array.map (<anonymous>)
    at init$1 (file:///usr/share/losslesscut/resources/app.asar/out/main/index.js:358:37)
    at async init (file:///usr/share/losslesscut/resources/app.asar/out/main/index.js:1957:5) {
  generatedMessage: false,
  code: 'ERR_ASSERTION',
  actual: false,
  expected: true,
  operator: '==',
  diff: 'simple'
}
2026-05-31T13:12:34.606Z error: Failed to migrate old keyboard binding ControlLeft+ArrowLeft seekBackwardsPercent AssertionError [ERR_ASSERTION]: Unknown key: ControlLeft
    at file:///usr/share/losslesscut/resources/app.asar/out/main/index.js:473:11
    at Array.map (<anonymous>)
    at file:///usr/share/losslesscut/resources/app.asar/out/main/index.js:471:12
    at Array.map (<anonymous>)
    at init$1 (file:///usr/share/losslesscut/resources/app.asar/out/main/index.js:358:37)
    at async init (file:///usr/share/losslesscut/resources/app.asar/out/main/index.js:1957:5) {
  generatedMessage: false,
  code: 'ERR_ASSERTION',
  actual: false,
  expected: true,
  operator: '==',
  diff: 'simple'
}
2026-05-31T13:12:34.606Z error: Failed to migrate old keyboard binding MetaLeft+ArrowLeft seekBackwardsPercent AssertionError [ERR_ASSERTION]: Unknown key: MetaLeft
    at file:///usr/share/losslesscut/resources/app.asar/out/main/index.js:473:11
    at Array.map (<anonymous>)
    at file:///usr/share/losslesscut/resources/app.asar/out/main/index.js:471:12
    at Array.map (<anonymous>)
    at init$1 (file:///usr/share/losslesscut/resources/app.asar/out/main/index.js:358:37)
    at async init (file:///usr/share/losslesscut/resources/app.asar/out/main/index.js:1957:5) {
  generatedMessage: false,
  code: 'ERR_ASSERTION',
  actual: false,
  expected: true,
  operator: '==',
  diff: 'simple'
}
2026-05-31T13:12:34.606Z error: Failed to migrate old keyboard binding AltLeft+ArrowLeft seekBackwardsKeyframe AssertionError [ERR_ASSERTION]: Unknown key: AltLeft
    at file:///usr/share/losslesscut/resources/app.asar/out/main/index.js:473:11
    at Array.map (<anonymous>)
    at file:///usr/share/losslesscut/resources/app.asar/out/main/index.js:471:12
    at Array.map (<anonymous>)
    at init$1 (file:///usr/share/losslesscut/resources/app.asar/out/main/index.js:358:37)
    at async init (file:///usr/share/losslesscut/resources/app.asar/out/main/index.js:1957:5) {
  generatedMessage: false,
  code: 'ERR_ASSERTION',
  actual: false,
  expected: true,
  operator: '==',
  diff: 'simple'
}
2026-05-31T13:12:34.606Z error: Failed to migrate old keyboard binding ShiftLeft+ArrowLeft jumpCutStart AssertionError [ERR_ASSERTION]: Unknown key: ShiftLeft
    at file:///usr/share/losslesscut/resources/app.asar/out/main/index.js:473:11
    at Array.map (<anonymous>)
    at file:///usr/share/losslesscut/resources/app.asar/out/main/index.js:471:12
    at Array.map (<anonymous>)
    at init$1 (file:///usr/share/losslesscut/resources/app.asar/out/main/index.js:358:37)
    at async init (file:///usr/share/losslesscut/resources/app.asar/out/main/index.js:1957:5) {
  generatedMessage: false,
  code: 'ERR_ASSERTION',
  actual: false,
  expected: true,
  operator: '==',
  diff: 'simple'
}
2026-05-31T13:12:34.606Z error: Failed to migrate old keyboard binding ArrowRight seekForwards AssertionError [ERR_ASSERTION]: Unknown key: ArrowRight
    at file:///usr/share/losslesscut/resources/app.asar/out/main/index.js:473:11
    at Array.map (<anonymous>)
    at file:///usr/share/losslesscut/resources/app.asar/out/main/index.js:471:12
    at Array.map (<anonymous>)
    at init$1 (file:///usr/share/losslesscut/resources/app.asar/out/main/index.js:358:37)
    at async init (file:///usr/share/losslesscut/resources/app.asar/out/main/index.js:1957:5) {
  generatedMessage: false,
  code: 'ERR_ASSERTION',
  actual: false,
  expected: true,
  operator: '==',
  diff: 'simple'
}
2026-05-31T13:12:34.606Z error: Failed to migrate old keyboard binding ControlLeft+ShiftLeft+ArrowRight seekForwards2 AssertionError [ERR_ASSERTION]: Unknown key: ControlLeft
    at file:///usr/share/losslesscut/resources/app.asar/out/main/index.js:473:11
    at Array.map (<anonymous>)
    at file:///usr/share/losslesscut/resources/app.asar/out/main/index.js:471:12
    at Array.map (<anonymous>)
    at init$1 (file:///usr/share/losslesscut/resources/app.asar/out/main/index.js:358:37)
    at async init (file:///usr/share/losslesscut/resources/app.asar/out/main/index.js:1957:5) {
  generatedMessage: false,
  code: 'ERR_ASSERTION',
  actual: false,
  expected: true,
  operator: '==',
  diff: 'simple'
}
2026-05-31T13:12:34.606Z error: Failed to migrate old keyboard binding ControlLeft+ArrowRight seekForwardsPercent AssertionError [ERR_ASSERTION]: Unknown key: ControlLeft
    at file:///usr/share/losslesscut/resources/app.asar/out/main/index.js:473:11
    at Array.map (<anonymous>)
    at file:///usr/share/losslesscut/resources/app.asar/out/main/index.js:471:12
    at Array.map (<anonymous>)
    at init$1 (file:///usr/share/losslesscut/resources/app.asar/out/main/index.js:358:37)
    at async init (file:///usr/share/losslesscut/resources/app.asar/out/main/index.js:1957:5) {
  generatedMessage: false,
  code: 'ERR_ASSERTION',
  actual: false,
  expected: true,
  operator: '==',
  diff: 'simple'
}
2026-05-31T13:12:34.606Z error: Failed to migrate old keyboard binding MetaLeft+ArrowRight seekForwardsPercent AssertionError [ERR_ASSERTION]: Unknown key: MetaLeft
    at file:///usr/share/losslesscut/resources/app.asar/out/main/index.js:473:11
    at Array.map (<anonymous>)
    at file:///usr/share/losslesscut/resources/app.asar/out/main/index.js:471:12
    at Array.map (<anonymous>)
    at init$1 (file:///usr/share/losslesscut/resources/app.asar/out/main/index.js:358:37)
    at async init (file:///usr/share/losslesscut/resources/app.asar/out/main/index.js:1957:5) {
  generatedMessage: false,
  code: 'ERR_ASSERTION',
  actual: false,
  expected: true,
  operator: '==',
  diff: 'simple'
}
2026-05-31T13:12:34.606Z error: Failed to migrate old keyboard binding AltLeft+ArrowRight seekForwardsKeyframe AssertionError [ERR_ASSERTION]: Unknown key: AltLeft
    at file:///usr/share/losslesscut/resources/app.asar/out/main/index.js:473:11
    at Array.map (<anonymous>)
    at file:///usr/share/losslesscut/resources/app.asar/out/main/index.js:471:12
    at Array.map (<anonymous>)
    at init$1 (file:///usr/share/losslesscut/resources/app.asar/out/main/index.js:358:37)
    at async init (file:///usr/share/losslesscut/resources/app.asar/out/main/index.js:1957:5) {
  generatedMessage: false,
  code: 'ERR_ASSERTION',
  actual: false,
  expected: true,
  operator: '==',
  diff: 'simple'
}
2026-05-31T13:12:34.606Z error: Failed to migrate old keyboard binding ShiftLeft+ArrowRight jumpCutEnd AssertionError [ERR_ASSERTION]: Unknown key: ShiftLeft
    at file:///usr/share/losslesscut/resources/app.asar/out/main/index.js:473:11
    at Array.map (<anonymous>)
    at file:///usr/share/losslesscut/resources/app.asar/out/main/index.js:471:12
    at Array.map (<anonymous>)
    at init$1 (file:///usr/share/losslesscut/resources/app.asar/out/main/index.js:358:37)
    at async init (file:///usr/share/losslesscut/resources/app.asar/out/main/index.js:1957:5) {
  generatedMessage: false,
  code: 'ERR_ASSERTION',
  actual: false,
  expected: true,
  operator: '==',
  diff: 'simple'
}
2026-05-31T13:12:34.607Z error: Failed to migrate old keyboard binding ControlLeft+Home jumpTimelineStart AssertionError [ERR_ASSERTION]: Unknown key: ControlLeft
    at file:///usr/share/losslesscut/resources/app.asar/out/main/index.js:473:11
    at Array.map (<anonymous>)
    at file:///usr/share/losslesscut/resources/app.asar/out/main/index.js:471:12
    at Array.map (<anonymous>)
    at init$1 (file:///usr/share/losslesscut/resources/app.asar/out/main/index.js:358:37)
    at async init (file:///usr/share/losslesscut/resources/app.asar/out/main/index.js:1957:5) {
  generatedMessage: false,
  code: 'ERR_ASSERTION',
  actual: false,
  expected: true,
  operator: '==',
  diff: 'simple'
}
2026-05-31T13:12:34.607Z error: Failed to migrate old keyboard binding ControlLeft+End jumpTimelineEnd AssertionError [ERR_ASSERTION]: Unknown key: ControlLeft
    at file:///usr/share/losslesscut/resources/app.asar/out/main/index.js:473:11
    at Array.map (<anonymous>)
    at file:///usr/share/losslesscut/resources/app.asar/out/main/index.js:471:12
    at Array.map (<anonymous>)
    at init$1 (file:///usr/share/losslesscut/resources/app.asar/out/main/index.js:358:37)
    at async init (file:///usr/share/losslesscut/resources/app.asar/out/main/index.js:1957:5) {
  generatedMessage: false,
  code: 'ERR_ASSERTION',
  actual: false,
  expected: true,
  operator: '==',
  diff: 'simple'
}
2026-05-31T13:12:34.607Z error: Failed to migrate old keyboard binding ArrowUp jumpPrevSegment AssertionError [ERR_ASSERTION]: Unknown key: ArrowUp
    at file:///usr/share/losslesscut/resources/app.asar/out/main/index.js:473:11
    at Array.map (<anonymous>)
    at file:///usr/share/losslesscut/resources/app.asar/out/main/index.js:471:12
    at Array.map (<anonymous>)
    at init$1 (file:///usr/share/losslesscut/resources/app.asar/out/main/index.js:358:37)
    at async init (file:///usr/share/losslesscut/resources/app.asar/out/main/index.js:1957:5) {
  generatedMessage: false,
  code: 'ERR_ASSERTION',
  actual: false,
  expected: true,
  operator: '==',
  diff: 'simple'
}
2026-05-31T13:12:34.607Z error: Failed to migrate old keyboard binding ShiftLeft+AltLeft+PageUp jumpSeekFirstSegment AssertionError [ERR_ASSERTION]: Unknown key: ShiftLeft
    at file:///usr/share/losslesscut/resources/app.asar/out/main/index.js:473:11
    at Array.map (<anonymous>)
    at file:///usr/share/losslesscut/resources/app.asar/out/main/index.js:471:12
    at Array.map (<anonymous>)
    at init$1 (file:///usr/share/losslesscut/resources/app.asar/out/main/index.js:358:37)
    at async init (file:///usr/share/losslesscut/resources/app.asar/out/main/index.js:1957:5) {
  generatedMessage: false,
  code: 'ERR_ASSERTION',
  actual: false,
  expected: true,
  operator: '==',
  diff: 'simple'
}
2026-05-31T13:12:34.607Z error: Failed to migrate old keyboard binding ShiftLeft+AltLeft+ArrowUp jumpSeekPrevSegment AssertionError [ERR_ASSERTION]: Unknown key: ShiftLeft
    at file:///usr/share/losslesscut/resources/app.asar/out/main/index.js:473:11
    at Array.map (<anonymous>)
    at file:///usr/share/losslesscut/resources/app.asar/out/main/index.js:471:12
    at Array.map (<anonymous>)
    at init$1 (file:///usr/share/losslesscut/resources/app.asar/out/main/index.js:358:37)
    at async init (file:///usr/share/losslesscut/resources/app.asar/out/main/index.js:1957:5) {
  generatedMessage: false,
  code: 'ERR_ASSERTION',
  actual: false,
  expected: true,
  operator: '==',
  diff: 'simple'
}
2026-05-31T13:12:34.607Z error: Failed to migrate old keyboard binding ControlLeft+ArrowUp timelineZoomIn AssertionError [ERR_ASSERTION]: Unknown key: ControlLeft
    at file:///usr/share/losslesscut/resources/app.asar/out/main/index.js:473:11
    at Array.map (<anonymous>)
    at file:///usr/share/losslesscut/resources/app.asar/out/main/index.js:471:12
    at Array.map (<anonymous>)
    at init$1 (file:///usr/share/losslesscut/resources/app.asar/out/main/index.js:358:37)
    at async init (file:///usr/share/losslesscut/resources/app.asar/out/main/index.js:1957:5) {
  generatedMessage: false,
  code: 'ERR_ASSERTION',
  actual: false,
  expected: true,
  operator: '==',
  diff: 'simple'
}
2026-05-31T13:12:34.607Z error: Failed to migrate old keyboard binding MetaLeft+ArrowUp timelineZoomIn AssertionError [ERR_ASSERTION]: Unknown key: MetaLeft
    at file:///usr/share/losslesscut/resources/app.asar/out/main/index.js:473:11
    at Array.map (<anonymous>)
    at file:///usr/share/losslesscut/resources/app.asar/out/main/index.js:471:12
    at Array.map (<anonymous>)
    at init$1 (file:///usr/share/losslesscut/resources/app.asar/out/main/index.js:358:37)
    at async init (file:///usr/share/losslesscut/resources/app.asar/out/main/index.js:1957:5) {
  generatedMessage: false,
  code: 'ERR_ASSERTION',
  actual: false,
  expected: true,
  operator: '==',
  diff: 'simple'
}
2026-05-31T13:12:34.607Z error: Failed to migrate old keyboard binding ShiftLeft+ArrowUp batchPreviousFile AssertionError [ERR_ASSERTION]: Unknown key: ShiftLeft
    at file:///usr/share/losslesscut/resources/app.asar/out/main/index.js:473:11
    at Array.map (<anonymous>)
    at file:///usr/share/losslesscut/resources/app.asar/out/main/index.js:471:12
    at Array.map (<anonymous>)
    at init$1 (file:///usr/share/losslesscut/resources/app.asar/out/main/index.js:358:37)
    at async init (file:///usr/share/losslesscut/resources/app.asar/out/main/index.js:1957:5) {
  generatedMessage: false,
  code: 'ERR_ASSERTION',
  actual: false,
  expected: true,
  operator: '==',
  diff: 'simple'
}
2026-05-31T13:12:34.607Z error: Failed to migrate old keyboard binding ControlLeft+ShiftLeft+ArrowUp batchOpenPreviousFile AssertionError [ERR_ASSERTION]: Unknown key: ControlLeft
    at file:///usr/share/losslesscut/resources/app.asar/out/main/index.js:473:11
    at Array.map (<anonymous>)
    at file:///usr/share/losslesscut/resources/app.asar/out/main/index.js:471:12
    at Array.map (<anonymous>)
    at init$1 (file:///usr/share/losslesscut/resources/app.asar/out/main/index.js:358:37)
    at async init (file:///usr/share/losslesscut/resources/app.asar/out/main/index.js:1957:5) {
  generatedMessage: false,
  code: 'ERR_ASSERTION',
  actual: false,
  expected: true,
  operator: '==',
  diff: 'simple'
}
2026-05-31T13:12:34.607Z error: Failed to migrate old keyboard binding ArrowDown jumpNextSegment AssertionError [ERR_ASSERTION]: Unknown key: ArrowDown
    at file:///usr/share/losslesscut/resources/app.asar/out/main/index.js:473:11
    at Array.map (<anonymous>)
    at file:///usr/share/losslesscut/resources/app.asar/out/main/index.js:471:12
    at Array.map (<anonymous>)
    at init$1 (file:///usr/share/losslesscut/resources/app.asar/out/main/index.js:358:37)
    at async init (file:///usr/share/losslesscut/resources/app.asar/out/main/index.js:1957:5) {
  generatedMessage: false,
  code: 'ERR_ASSERTION',
  actual: false,
  expected: true,
  operator: '==',
  diff: 'simple'
}
2026-05-31T13:12:34.607Z error: Failed to migrate old keyboard binding ShiftLeft+AltLeft+PageDown jumpSeekLastSegment AssertionError [ERR_ASSERTION]: Unknown key: ShiftLeft
    at file:///usr/share/losslesscut/resources/app.asar/out/main/index.js:473:11
    at Array.map (<anonymous>)
    at file:///usr/share/losslesscut/resources/app.asar/out/main/index.js:471:12
    at Array.map (<anonymous>)
    at init$1 (file:///usr/share/losslesscut/resources/app.asar/out/main/index.js:358:37)
    at async init (file:///usr/share/losslesscut/resources/app.asar/out/main/index.js:1957:5) {
  generatedMessage: false,
  code: 'ERR_ASSERTION',
  actual: false,
  expected: true,
  operator: '==',
  diff: 'simple'
}
2026-05-31T13:12:34.607Z error: Failed to migrate old keyboard binding ShiftLeft+AltLeft+ArrowDown jumpSeekNextSegment AssertionError [ERR_ASSERTION]: Unknown key: ShiftLeft
    at file:///usr/share/losslesscut/resources/app.asar/out/main/index.js:473:11
    at Array.map (<anonymous>)
    at file:///usr/share/losslesscut/resources/app.asar/out/main/index.js:471:12
    at Array.map (<anonymous>)
    at init$1 (file:///usr/share/losslesscut/resources/app.asar/out/main/index.js:358:37)
    at async init (file:///usr/share/losslesscut/resources/app.asar/out/main/index.js:1957:5) {
  generatedMessage: false,
  code: 'ERR_ASSERTION',
  actual: false,
  expected: true,
  operator: '==',
  diff: 'simple'
}
2026-05-31T13:12:34.607Z error: Failed to migrate old keyboard binding ControlLeft+ArrowDown timelineZoomOut AssertionError [ERR_ASSERTION]: Unknown key: ControlLeft
    at file:///usr/share/losslesscut/resources/app.asar/out/main/index.js:473:11
    at Array.map (<anonymous>)
    at file:///usr/share/losslesscut/resources/app.asar/out/main/index.js:471:12
    at Array.map (<anonymous>)
    at init$1 (file:///usr/share/losslesscut/resources/app.asar/out/main/index.js:358:37)
    at async init (file:///usr/share/losslesscut/resources/app.asar/out/main/index.js:1957:5) {
  generatedMessage: false,
  code: 'ERR_ASSERTION',
  actual: false,
  expected: true,
  operator: '==',
  diff: 'simple'
}
2026-05-31T13:12:34.607Z error: Failed to migrate old keyboard binding MetaLeft+ArrowDown timelineZoomOut AssertionError [ERR_ASSERTION]: Unknown key: MetaLeft
    at file:///usr/share/losslesscut/resources/app.asar/out/main/index.js:473:11
    at Array.map (<anonymous>)
    at file:///usr/share/losslesscut/resources/app.asar/out/main/index.js:471:12
    at Array.map (<anonymous>)
    at init$1 (file:///usr/share/losslesscut/resources/app.asar/out/main/index.js:358:37)
    at async init (file:///usr/share/losslesscut/resources/app.asar/out/main/index.js:1957:5) {
  generatedMessage: false,
  code: 'ERR_ASSERTION',
  actual: false,
  expected: true,
  operator: '==',
  diff: 'simple'
}
2026-05-31T13:12:34.607Z error: Failed to migrate old keyboard binding ShiftLeft+ArrowDown batchNextFile AssertionError [ERR_ASSERTION]: Unknown key: ShiftLeft
    at file:///usr/share/losslesscut/resources/app.asar/out/main/index.js:473:11
    at Array.map (<anonymous>)
    at file:///usr/share/losslesscut/resources/app.asar/out/main/index.js:471:12
    at Array.map (<anonymous>)
    at init$1 (file:///usr/share/losslesscut/resources/app.asar/out/main/index.js:358:37)
    at async init (file:///usr/share/losslesscut/resources/app.asar/out/main/index.js:1957:5) {
  generatedMessage: false,
  code: 'ERR_ASSERTION',
  actual: false,
  expected: true,
  operator: '==',
  diff: 'simple'
}
2026-05-31T13:12:34.608Z error: Failed to migrate old keyboard binding ControlLeft+ShiftLeft+ArrowDown batchOpenNextFile AssertionError [ERR_ASSERTION]: Unknown key: ControlLeft
    at file:///usr/share/losslesscut/resources/app.asar/out/main/index.js:473:11
    at Array.map (<anonymous>)
    at file:///usr/share/losslesscut/resources/app.asar/out/main/index.js:471:12
    at Array.map (<anonymous>)
    at init$1 (file:///usr/share/losslesscut/resources/app.asar/out/main/index.js:358:37)
    at async init (file:///usr/share/losslesscut/resources/app.asar/out/main/index.js:1957:5) {
  generatedMessage: false,
  code: 'ERR_ASSERTION',
  actual: false,
  expected: true,
  operator: '==',
  diff: 'simple'
}
2026-05-31T13:12:34.608Z error: Failed to migrate old keyboard binding ShiftLeft+Enter batchOpenSelectedFile AssertionError [ERR_ASSERTION]: Unknown key: ShiftLeft
    at file:///usr/share/losslesscut/resources/app.asar/out/main/index.js:473:11
    at Array.map (<anonymous>)
    at file:///usr/share/losslesscut/resources/app.asar/out/main/index.js:471:12
    at Array.map (<anonymous>)
    at init$1 (file:///usr/share/losslesscut/resources/app.asar/out/main/index.js:358:37)
    at async init (file:///usr/share/losslesscut/resources/app.asar/out/main/index.js:1957:5) {
  generatedMessage: false,
  code: 'ERR_ASSERTION',
  actual: false,
  expected: true,
  operator: '==',
  diff: 'simple'
}
2026-05-31T13:12:34.608Z error: Failed to migrate old keyboard binding ControlLeft+KeyZ undo AssertionError [ERR_ASSERTION]: Unknown key: ControlLeft
    at file:///usr/share/losslesscut/resources/app.asar/out/main/index.js:473:11
    at Array.map (<anonymous>)
    at file:///usr/share/losslesscut/resources/app.asar/out/main/index.js:471:12
    at Array.map (<anonymous>)
    at init$1 (file:///usr/share/losslesscut/resources/app.asar/out/main/index.js:358:37)
    at async init (file:///usr/share/losslesscut/resources/app.asar/out/main/index.js:1957:5) {
  generatedMessage: false,
  code: 'ERR_ASSERTION',
  actual: false,
  expected: true,
  operator: '==',
  diff: 'simple'
}
2026-05-31T13:12:34.608Z error: Failed to migrate old keyboard binding MetaLeft+KeyZ undo AssertionError [ERR_ASSERTION]: Unknown key: MetaLeft
    at file:///usr/share/losslesscut/resources/app.asar/out/main/index.js:473:11
    at Array.map (<anonymous>)
    at file:///usr/share/losslesscut/resources/app.asar/out/main/index.js:471:12
    at Array.map (<anonymous>)
    at init$1 (file:///usr/share/losslesscut/resources/app.asar/out/main/index.js:358:37)
    at async init (file:///usr/share/losslesscut/resources/app.asar/out/main/index.js:1957:5) {
  generatedMessage: false,
  code: 'ERR_ASSERTION',
  actual: false,
  expected: true,
  operator: '==',
  diff: 'simple'
}
2026-05-31T13:12:34.608Z error: Failed to migrate old keyboard binding ControlLeft+ShiftLeft+KeyZ redo AssertionError [ERR_ASSERTION]: Unknown key: ControlLeft
    at file:///usr/share/losslesscut/resources/app.asar/out/main/index.js:473:11
    at Array.map (<anonymous>)
    at file:///usr/share/losslesscut/resources/app.asar/out/main/index.js:471:12
    at Array.map (<anonymous>)
    at init$1 (file:///usr/share/losslesscut/resources/app.asar/out/main/index.js:358:37)
    at async init (file:///usr/share/losslesscut/resources/app.asar/out/main/index.js:1957:5) {
  generatedMessage: false,
  code: 'ERR_ASSERTION',
  actual: false,
  expected: true,
  operator: '==',
  diff: 'simple'
}
2026-05-31T13:12:34.608Z error: Failed to migrate old keyboard binding MetaLeft+ShiftLeft+KeyZ redo AssertionError [ERR_ASSERTION]: Unknown key: MetaLeft
    at file:///usr/share/losslesscut/resources/app.asar/out/main/index.js:473:11
    at Array.map (<anonymous>)
    at file:///usr/share/losslesscut/resources/app.asar/out/main/index.js:471:12
    at Array.map (<anonymous>)
    at init$1 (file:///usr/share/losslesscut/resources/app.asar/out/main/index.js:358:37)
    at async init (file:///usr/share/losslesscut/resources/app.asar/out/main/index.js:1957:5) {
  generatedMessage: false,
  code: 'ERR_ASSERTION',
  actual: false,
  expected: true,
  operator: '==',
  diff: 'simple'
}
2026-05-31T13:12:34.608Z error: Failed to migrate old keyboard binding KeyF toggleFullscreenVideo AssertionError [ERR_ASSERTION]: Unknown key: KeyF
    at file:///usr/share/losslesscut/resources/app.asar/out/main/index.js:473:11
    at Array.map (<anonymous>)
    at file:///usr/share/losslesscut/resources/app.asar/out/main/index.js:471:12
    at Array.map (<anonymous>)
    at init$1 (file:///usr/share/losslesscut/resources/app.asar/out/main/index.js:358:37)
    at async init (file:///usr/share/losslesscut/resources/app.asar/out/main/index.js:1957:5) {
  generatedMessage: false,
  code: 'ERR_ASSERTION',
  actual: false,
  expected: true,
  operator: '==',
  diff: 'simple'
}
2026-05-31T13:12:34.608Z error: Failed to migrate old keyboard binding KeyE export AssertionError [ERR_ASSERTION]: Unknown key: KeyE
    at file:///usr/share/losslesscut/resources/app.asar/out/main/index.js:473:11
    at Array.map (<anonymous>)
    at file:///usr/share/losslesscut/resources/app.asar/out/main/index.js:471:12
    at Array.map (<anonymous>)
    at init$1 (file:///usr/share/losslesscut/resources/app.asar/out/main/index.js:358:37)
    at async init (file:///usr/share/losslesscut/resources/app.asar/out/main/index.js:1957:5) {
  generatedMessage: false,
  code: 'ERR_ASSERTION',
  actual: false,
  expected: true,
  operator: '==',
  diff: 'simple'
}
2026-05-31T13:12:34.608Z error: Failed to migrate old keyboard binding ShiftLeft+Slash toggleKeyboardShortcuts AssertionError [ERR_ASSERTION]: Unknown key: ShiftLeft
    at file:///usr/share/losslesscut/resources/app.asar/out/main/index.js:473:11
    at Array.map (<anonymous>)
    at file:///usr/share/losslesscut/resources/app.asar/out/main/index.js:471:12
    at Array.map (<anonymous>)
    at init$1 (file:///usr/share/losslesscut/resources/app.asar/out/main/index.js:358:37)
    at async init (file:///usr/share/losslesscut/resources/app.asar/out/main/index.js:1957:5) {
  generatedMessage: false,
  code: 'ERR_ASSERTION',
  actual: false,
  expected: true,
  operator: '==',
  diff: 'simple'
}
2026-05-31T13:12:34.608Z error: Failed to migrate old keyboard binding AltLeft+ArrowUp increaseVolume AssertionError [ERR_ASSERTION]: Unknown key: AltLeft
    at file:///usr/share/losslesscut/resources/app.asar/out/main/index.js:473:11
    at Array.map (<anonymous>)
    at file:///usr/share/losslesscut/resources/app.asar/out/main/index.js:471:12
    at Array.map (<anonymous>)
    at init$1 (file:///usr/share/losslesscut/resources/app.asar/out/main/index.js:358:37)
    at async init (file:///usr/share/losslesscut/resources/app.asar/out/main/index.js:1957:5) {
  generatedMessage: false,
  code: 'ERR_ASSERTION',
  actual: false,
  expected: true,
  operator: '==',
  diff: 'simple'
}
2026-05-31T13:12:34.608Z error: Failed to migrate old keyboard binding AltLeft+ArrowDown decreaseVolume AssertionError [ERR_ASSERTION]: Unknown key: AltLeft
    at file:///usr/share/losslesscut/resources/app.asar/out/main/index.js:473:11
    at Array.map (<anonymous>)
    at file:///usr/share/losslesscut/resources/app.asar/out/main/index.js:471:12
    at Array.map (<anonymous>)
    at init$1 (file:///usr/share/losslesscut/resources/app.asar/out/main/index.js:358:37)
    at async init (file:///usr/share/losslesscut/resources/app.asar/out/main/index.js:1957:5) {
  generatedMessage: false,
  code: 'ERR_ASSERTION',
  actual: false,
  expected: true,
  operator: '==',
  diff: 'simple'
}
2026-05-31T13:12:34.608Z error: Failed to migrate old keyboard binding KeyM toggleMuted AssertionError [ERR_ASSERTION]: Unknown key: KeyM
    at file:///usr/share/losslesscut/resources/app.asar/out/main/index.js:473:11
    at Array.map (<anonymous>)
    at file:///usr/share/losslesscut/resources/app.asar/out/main/index.js:471:12
    at Array.map (<anonymous>)
    at init$1 (file:///usr/share/losslesscut/resources/app.asar/out/main/index.js:358:37)
    at async init (file:///usr/share/losslesscut/resources/app.asar/out/main/index.js:1957:5) {
  generatedMessage: false,
  code: 'ERR_ASSERTION',
  actual: false,
  expected: true,
  operator: '==',
  diff: 'simple'
}
2026-05-31T13:12:34.619Z info: Migrated config to version 2
2026-05-31T13:12:34.628Z info: Initialized config store
2026-05-31T13:12:34.629Z info: Waiting for app to become ready
2026-05-31T13:12:34.633Z info: CLI arguments { _: [] }
2026-05-31T13:12:34.866Z info: Current version 3.68.0
2026-05-31T13:12:34.866Z info: Newest version 3.68.0
2026-05-31T13:12:35.040Z info: ffmpeg -hide_banner -f lavfi -i 'nullsrc=s=256x256:d=1' -f null -
2026-05-31T13:12:42.684Z info: ffprobe -of json -show_chapters -show_format -show_entries stream -i '/home/vollpe/Documents/ScreenRecordings/shell_demo2.mp4' -hide_banner
2026-05-31T13:14:55.831Z info: ffmpeg -hide_banner -ss '4.07819' -i '/home/vollpe/Documents/ScreenRecordings/shell_demo2.mp4' -t '239.03472' -avoid_negative_ts make_zero -map '0:0' '-c:0' copy -map '0:1' '-c:1' copy -map_metadata 0 -movflags '+faststart' -default_mode infer_no_subs -ignore_unknown -f mp4 -y '/home/vollpe/Documents/ScreenRecordings/shell_demo2-cut.mp4'
