2026-05-05 21:13:03.555 [info] [main] Log level: Info
2026-05-05 21:13:03.555 [info] [main] Validating found git in: "git"
2026-05-05 21:13:03.555 [info] [main] Using git "2.54.0" from "git"
2026-05-05 21:13:03.555 [info] [Model][doInitialScan] Initial repository scan started
2026-05-05 21:13:03.555 [info] > git rev-parse --show-toplevel [7ms]
2026-05-05 21:13:03.555 [info] fatal: not a git repository (or any of the parent directories): .git
2026-05-05 21:13:03.555 [info] > git rev-parse --show-toplevel [1ms]
2026-05-05 21:13:03.555 [info] fatal: not a git repository (or any of the parent directories): .git
2026-05-05 21:13:03.555 [info] > git rev-parse --show-toplevel [23ms]
2026-05-05 21:13:03.555 [info] fatal: not a git repository (or any of the parent directories): .git
2026-05-05 21:13:03.555 [info] > git rev-parse --show-toplevel [9ms]
2026-05-05 21:13:03.555 [info] fatal: not a git repository (or any of the parent directories): .git
2026-05-05 21:13:03.581 [info] > git rev-parse --show-toplevel [21ms]
2026-05-05 21:13:03.581 [info] fatal: not a git repository (or any of the parent directories): .git
2026-05-05 21:13:03.581 [info] [Model][doInitialScan] Initial repository scan completed - repositories (0), closed repositories (0), parent repositories (0), unsafe repositories (0)
2026-05-05 21:13:03.601 [info] > git rev-parse --show-toplevel [5ms]
2026-05-05 21:13:03.601 [info] fatal: not a git repository (or any of the parent directories): .git
2026-05-05 21:13:03.608 [info] > git rev-parse --show-toplevel [2ms]
2026-05-05 21:13:03.608 [info] fatal: not a git repository (or any of the parent directories): .git
2026-05-05 21:13:03.977 [info] > git rev-parse --show-toplevel [1ms]
2026-05-05 21:13:03.977 [info] fatal: not a git repository (or any of the parent directories): .git
2026-05-05 21:13:04.804 [info] > git rev-parse --show-toplevel [0ms]
2026-05-05 21:13:04.804 [info] fatal: not a git repository (or any of the parent directories): .git
2026-05-05 21:13:04.922 [info] > git rev-parse --show-toplevel [2ms]
2026-05-05 21:13:04.922 [info] fatal: not a git repository (or any of the parent directories): .git
