2026-05-07 17:53:52.399 [info] Started local extension host with pid 48725.
2026-05-07 17:53:52.540 [error] Extension 'ms-python.debugpy CANNOT USE these API proposals 'portsAttributes, debugVisualization, contribViewsWelcome'. You MUST start in extension development mode or use the --enable-proposed-api command line flag
2026-05-07 17:53:52.540 [error] Extension 'ms-python.python CANNOT USE these API proposals 'contribEditorContentMenu, quickPickSortByLabel, testObserver, quickPickItemTooltip, terminalDataWriteEvent, terminalExecuteCommandEvent, codeActionAI, notebookReplDocument, notebookVariableProvider'. You MUST start in extension development mode or use the --enable-proposed-api command line flag
2026-05-07 17:53:52.540 [error] Extension 'ms-python.vscode-python-envs CANNOT USE these API proposals 'terminalShellEnv, terminalDataWriteEvent, taskExecutionTerminal'. You MUST start in extension development mode or use the --enable-proposed-api command line flag
2026-05-07 17:53:55.052 [info] [perf] Render performance baseline is 20ms
2026-05-07 17:58:13.557 [warning] Invalid semantic tokens edit detected (previousResultId: 43, resultId: 44) at edit #0: The provided start offset 72 is outside the previous data (length 70).
2026-05-07 17:59:29.095 [error] Error: Cannot format invalid documents!
	at xt (/home/vollpe/.vscode-oss/extensions/theqtcompany.qt-qml-1.12.0-universal/out/extension.js:53:235)
	at rt (/home/vollpe/.vscode-oss/extensions/theqtcompany.qt-qml-1.12.0-universal/out/extension.js:52:6246)
	at dt (/home/vollpe/.vscode-oss/extensions/theqtcompany.qt-qml-1.12.0-universal/out/extension.js:52:6372)
	at Immediate.<anonymous> (/home/vollpe/.vscode-oss/extensions/theqtcompany.qt-qml-1.12.0-universal/out/extension.js:52:6133)
	at process.processImmediate (node:internal/timers:484:21)
2026-05-07 18:00:04.578 [warning] Overlapping semantic tokens detected at lineNumber 15, column 11
2026-05-07 18:00:23.963 [warning] Semantic token with invalid length detected at lineNumber 10, column 7
2026-05-07 18:04:57.189 [error] Invalid typed array length: -10: RangeError: Invalid typed array length: -10
    at new Uint32Array (<anonymous>)
    at RF._setDocumentSemanticTokens (vscode-file://vscode-app/usr/lib/code/out/vs/workbench/workbench.desktop.main.js:923:51378)
    at vscode-file://vscode-app/usr/lib/code/out/vs/workbench/workbench.desktop.main.js:923:50078
2026-05-07 18:05:52.339 [error] Invalid typed array length: -10: RangeError: Invalid typed array length: -10
    at new Uint32Array (<anonymous>)
    at RF._setDocumentSemanticTokens (vscode-file://vscode-app/usr/lib/code/out/vs/workbench/workbench.desktop.main.js:923:51378)
    at vscode-file://vscode-app/usr/lib/code/out/vs/workbench/workbench.desktop.main.js:923:50078
