2026-05-05 21:20:55.023 [info] [main] Log level: Info
2026-05-05 21:20:55.023 [info] [main] Validating found git in: "git"
2026-05-05 21:20:55.023 [info] [main] Using git "2.54.0" from "git"
2026-05-05 21:20:55.023 [info] [Model][doInitialScan] Initial repository scan started
2026-05-05 21:20:55.023 [info] > git rev-parse --show-toplevel [8ms]
2026-05-05 21:20:55.023 [info] fatal: not a git repository (or any of the parent directories): .git
2026-05-05 21:20:55.023 [info] > git rev-parse --show-toplevel [4ms]
2026-05-05 21:20:55.023 [info] fatal: not a git repository (or any of the parent directories): .git
2026-05-05 21:20:55.023 [info] > git rev-parse --show-toplevel [1ms]
2026-05-05 21:20:55.023 [info] fatal: not a git repository (or any of the parent directories): .git
2026-05-05 21:20:55.023 [info] > git rev-parse --show-toplevel [4ms]
2026-05-05 21:20:55.023 [info] fatal: not a git repository (or any of the parent directories): .git
2026-05-05 21:20:55.023 [info] > git rev-parse --show-toplevel [5ms]
2026-05-05 21:20:55.023 [info] fatal: not a git repository (or any of the parent directories): .git
2026-05-05 21:20:55.023 [info] [Model][doInitialScan] Initial repository scan completed - repositories (0), closed repositories (0), parent repositories (0), unsafe repositories (0)
2026-05-05 21:20:55.023 [info] > git rev-parse --show-toplevel [2ms]
2026-05-05 21:20:55.023 [info] fatal: not a git repository (or any of the parent directories): .git
2026-05-05 21:20:55.023 [info] > git rev-parse --show-toplevel [10ms]
2026-05-05 21:20:55.023 [info] fatal: not a git repository (or any of the parent directories): .git
2026-05-05 21:20:55.029 [info] > git rev-parse --show-toplevel [1ms]
2026-05-05 21:20:55.029 [info] fatal: not a git repository (or any of the parent directories): .git
2026-05-05 21:20:55.339 [info] > git rev-parse --show-toplevel [1ms]
2026-05-05 21:20:55.339 [info] fatal: not a git repository (or any of the parent directories): .git
2026-05-05 21:20:56.736 [info] > git rev-parse --show-toplevel [1ms]
2026-05-05 21:20:56.736 [info] fatal: not a git repository (or any of the parent directories): .git
2026-05-05 21:20:56.752 [info] > git rev-parse --show-toplevel [1ms]
2026-05-05 21:20:56.752 [info] fatal: not a git repository (or any of the parent directories): .git
2026-05-05 21:21:06.295 [info] > git rev-parse --show-toplevel [2ms]
2026-05-05 21:21:06.295 [info] fatal: not a git repository (or any of the parent directories): .git
2026-05-05 21:21:06.620 [info] > git rev-parse --show-toplevel [86ms]
2026-05-05 21:21:06.620 [info] fatal: not a git repository (or any of the parent directories): .git
2026-05-05 21:21:28.147 [info] > git rev-parse --show-toplevel [1ms]
2026-05-05 21:21:28.147 [info] fatal: not a git repository (or any of the parent directories): .git
2026-05-05 21:22:02.619 [info] > git rev-parse --show-toplevel [1ms]
2026-05-05 21:22:02.619 [info] fatal: not a git repository (or any of the parent directories): .git
2026-05-05 21:22:09.454 [info] > git rev-parse --show-toplevel [1ms]
2026-05-05 21:22:09.454 [info] fatal: not a git repository (or any of the parent directories): .git
2026-05-05 21:22:10.629 [info] > git rev-parse --show-toplevel [1ms]
2026-05-05 21:22:10.629 [info] fatal: not a git repository (or any of the parent directories): .git
2026-05-05 21:22:58.160 [info] > git rev-parse --show-toplevel [1ms]
2026-05-05 21:22:58.160 [info] fatal: not a git repository (or any of the parent directories): .git
2026-05-05 21:23:42.634 [info] > git rev-parse --show-toplevel [3ms]
2026-05-05 21:23:42.634 [info] fatal: not a git repository (or any of the parent directories): .git
2026-05-05 21:24:02.102 [info] > git rev-parse --show-toplevel [2ms]
2026-05-05 21:24:02.102 [info] fatal: not a git repository (or any of the parent directories): .git
2026-05-05 21:49:58.329 [info] > git rev-parse --show-toplevel [2ms]
2026-05-05 21:49:58.329 [info] fatal: not a git repository (or any of the parent directories): .git
2026-05-05 21:57:01.605 [info] > git rev-parse --show-toplevel [2ms]
2026-05-05 21:57:01.605 [info] fatal: not a git repository (or any of the parent directories): .git
2026-05-05 21:57:31.604 [info] > git rev-parse --show-toplevel [1ms]
2026-05-05 21:57:31.604 [info] fatal: not a git repository (or any of the parent directories): .git
2026-05-05 21:57:32.556 [info] > git rev-parse --show-toplevel [1ms]
2026-05-05 21:57:32.556 [info] fatal: not a git repository (or any of the parent directories): .git
2026-05-05 21:57:34.580 [info] > git rev-parse --show-toplevel [1ms]
2026-05-05 21:57:34.580 [info] fatal: not a git repository (or any of the parent directories): .git
2026-05-05 21:57:37.430 [info] > git rev-parse --show-toplevel [1ms]
2026-05-05 21:57:37.430 [info] fatal: not a git repository (or any of the parent directories): .git
2026-05-05 21:57:40.931 [info] > git rev-parse --show-toplevel [1ms]
2026-05-05 21:57:40.931 [info] fatal: not a git repository (or any of the parent directories): .git
2026-05-05 21:58:00.348 [info] > git rev-parse --show-toplevel [1ms]
2026-05-05 21:58:00.349 [info] fatal: not a git repository (or any of the parent directories): .git
2026-05-05 21:58:19.787 [info] > git rev-parse --show-toplevel [1ms]
2026-05-05 21:58:19.787 [info] fatal: not a git repository (or any of the parent directories): .git
2026-05-05 22:13:48.639 [info] > git rev-parse --show-toplevel [2ms]
2026-05-05 22:13:48.639 [info] fatal: not a git repository (or any of the parent directories): .git
2026-05-05 22:14:30.288 [info] > git rev-parse --show-toplevel [1ms]
2026-05-05 22:14:30.288 [info] fatal: not a git repository (or any of the parent directories): .git
2026-05-05 22:14:43.056 [info] > git rev-parse --show-toplevel [1ms]
2026-05-05 22:14:43.056 [info] fatal: not a git repository (or any of the parent directories): .git
2026-05-05 22:17:18.881 [info] > git rev-parse --show-toplevel [2ms]
2026-05-05 22:17:18.881 [info] fatal: not a git repository (or any of the parent directories): .git
2026-05-05 22:20:40.044 [info] > git rev-parse --show-toplevel [1ms]
2026-05-05 22:20:40.044 [info] fatal: not a git repository (or any of the parent directories): .git
2026-05-05 22:30:39.545 [info] > git rev-parse --show-toplevel [2ms]
2026-05-05 22:30:39.545 [info] fatal: not a git repository (or any of the parent directories): .git
2026-05-05 22:30:39.552 [info] > git rev-parse --show-toplevel [1ms]
2026-05-05 22:30:39.552 [info] fatal: not a git repository (or any of the parent directories): .git
2026-05-05 22:30:42.316 [info] > git rev-parse --show-toplevel [1ms]
2026-05-05 22:30:42.316 [info] fatal: not a git repository (or any of the parent directories): .git
2026-05-05 22:38:44.110 [info] > git rev-parse --show-toplevel [1ms]
2026-05-05 22:38:44.110 [info] fatal: not a git repository (or any of the parent directories): .git
2026-05-05 22:40:17.336 [info] > git rev-parse --show-toplevel [1ms]
2026-05-05 22:40:17.336 [info] fatal: not a git repository (or any of the parent directories): .git
