2026-05-07 19:04:04.719 [info] [main] Log level: Info
2026-05-07 19:04:04.719 [info] [main] Validating found git in: "git"
2026-05-07 19:04:04.719 [info] [main] Using git "2.54.0" from "git"
2026-05-07 19:04:04.719 [info] [Model][doInitialScan] Initial repository scan started
2026-05-07 19:04:04.719 [info] > git rev-parse --show-toplevel [6ms]
2026-05-07 19:04:04.719 [info] fatal: not a git repository (or any of the parent directories): .git
2026-05-07 19:04:04.719 [info] > git rev-parse --show-toplevel [2ms]
2026-05-07 19:04:04.719 [info] fatal: not a git repository (or any of the parent directories): .git
2026-05-07 19:04:04.719 [info] > git rev-parse --show-toplevel [11ms]
2026-05-07 19:04:04.719 [info] fatal: not a git repository (or any of the parent directories): .git
2026-05-07 19:04:04.720 [info] > git rev-parse --show-toplevel [1ms]
2026-05-07 19:04:04.720 [info] fatal: not a git repository (or any of the parent directories): .git
2026-05-07 19:04:04.757 [info] > git rev-parse --show-toplevel [5ms]
2026-05-07 19:04:04.757 [info] fatal: not a git repository (or any of the parent directories): .git
2026-05-07 19:04:04.757 [info] [Model][doInitialScan] Initial repository scan completed - repositories (0), closed repositories (0), parent repositories (0), unsafe repositories (0)
2026-05-07 19:04:04.820 [info] > git rev-parse --show-toplevel [6ms]
2026-05-07 19:04:04.820 [info] fatal: not a git repository (or any of the parent directories): .git
2026-05-07 19:04:06.017 [info] > git rev-parse --show-toplevel [1ms]
2026-05-07 19:04:06.017 [info] fatal: not a git repository (or any of the parent directories): .git
2026-05-07 19:04:06.115 [info] > git rev-parse --show-toplevel [1ms]
2026-05-07 19:04:06.115 [info] fatal: not a git repository (or any of the parent directories): .git
2026-05-07 19:45:18.531 [info] > git rev-parse --show-toplevel [1ms]
2026-05-07 19:45:18.531 [info] fatal: not a git repository (or any of the parent directories): .git
2026-05-07 19:46:18.142 [info] > git rev-parse --show-toplevel [1ms]
2026-05-07 19:46:18.142 [info] fatal: not a git repository (or any of the parent directories): .git
2026-05-07 19:46:57.101 [info] > git rev-parse --show-toplevel [2ms]
2026-05-07 19:46:57.101 [info] fatal: not a git repository (or any of the parent directories): .git
2026-05-07 19:47:00.937 [info] > git rev-parse --show-toplevel [1ms]
2026-05-07 19:47:00.937 [info] fatal: not a git repository (or any of the parent directories): .git
2026-05-07 19:47:02.189 [info] > git rev-parse --show-toplevel [1ms]
2026-05-07 19:47:02.189 [info] fatal: not a git repository (or any of the parent directories): .git
2026-05-07 19:49:00.374 [info] > git rev-parse --show-toplevel [1ms]
2026-05-07 19:49:00.375 [info] fatal: not a git repository (or any of the parent directories): .git
2026-05-07 19:54:34.368 [info] > git rev-parse --show-toplevel [2ms]
2026-05-07 19:54:34.368 [info] fatal: not a git repository (or any of the parent directories): .git
2026-05-07 19:54:37.798 [info] > git rev-parse --show-toplevel [1ms]
2026-05-07 19:54:37.798 [info] fatal: not a git repository (or any of the parent directories): .git
2026-05-07 19:54:54.039 [info] > git rev-parse --show-toplevel [1ms]
2026-05-07 19:54:54.039 [info] fatal: not a git repository (or any of the parent directories): .git
2026-05-07 19:58:26.967 [info] > git rev-parse --show-toplevel [2ms]
2026-05-07 19:58:26.967 [info] fatal: not a git repository (or any of the parent directories): .git
2026-05-07 19:58:44.656 [info] > git rev-parse --show-toplevel [1ms]
2026-05-07 19:58:44.656 [info] fatal: not a git repository (or any of the parent directories): .git
2026-05-07 19:58:48.021 [info] > git rev-parse --show-toplevel [1ms]
2026-05-07 19:58:48.021 [info] fatal: not a git repository (or any of the parent directories): .git
2026-05-07 19:58:50.446 [info] > git rev-parse --show-toplevel [1ms]
2026-05-07 19:58:50.446 [info] fatal: not a git repository (or any of the parent directories): .git
2026-05-07 19:58:53.258 [info] > git rev-parse --show-toplevel [1ms]
2026-05-07 19:58:53.259 [info] fatal: not a git repository (or any of the parent directories): .git
2026-05-07 19:58:54.223 [info] > git rev-parse --show-toplevel [2ms]
2026-05-07 19:58:54.223 [info] fatal: not a git repository (or any of the parent directories): .git
2026-05-07 19:59:28.424 [info] > git rev-parse --show-toplevel [1ms]
2026-05-07 19:59:28.424 [info] fatal: not a git repository (or any of the parent directories): .git
2026-05-07 20:00:05.546 [info] > git rev-parse --show-toplevel [1ms]
2026-05-07 20:00:05.546 [info] fatal: not a git repository (or any of the parent directories): .git
2026-05-07 20:00:19.584 [info] > git rev-parse --show-toplevel [1ms]
2026-05-07 20:00:19.584 [info] fatal: not a git repository (or any of the parent directories): .git
2026-05-07 20:01:18.182 [info] > git rev-parse --show-toplevel [2ms]
2026-05-07 20:01:18.182 [info] fatal: not a git repository (or any of the parent directories): .git
2026-05-07 20:02:07.502 [info] > git rev-parse --show-toplevel [2ms]
2026-05-07 20:02:07.502 [info] fatal: not a git repository (or any of the parent directories): .git
2026-05-07 20:02:15.371 [info] > git rev-parse --show-toplevel [1ms]
2026-05-07 20:02:15.371 [info] fatal: not a git repository (or any of the parent directories): .git
2026-05-07 20:02:17.607 [info] > git rev-parse --show-toplevel [2ms]
2026-05-07 20:02:17.607 [info] fatal: not a git repository (or any of the parent directories): .git
2026-05-07 20:02:23.385 [info] > git rev-parse --show-toplevel [1ms]
2026-05-07 20:02:23.385 [info] fatal: not a git repository (or any of the parent directories): .git
2026-05-07 20:02:38.557 [info] > git rev-parse --show-toplevel [1ms]
2026-05-07 20:02:38.557 [info] fatal: not a git repository (or any of the parent directories): .git
2026-05-07 20:02:46.372 [info] > git rev-parse --show-toplevel [1ms]
2026-05-07 20:02:46.373 [info] fatal: not a git repository (or any of the parent directories): .git
2026-05-07 20:02:47.032 [info] > git rev-parse --show-toplevel [1ms]
2026-05-07 20:02:47.032 [info] fatal: not a git repository (or any of the parent directories): .git
2026-05-07 20:02:49.232 [info] > git rev-parse --show-toplevel [1ms]
2026-05-07 20:02:49.232 [info] fatal: not a git repository (or any of the parent directories): .git
2026-05-07 20:02:59.723 [info] > git rev-parse --show-toplevel [1ms]
2026-05-07 20:02:59.723 [info] fatal: not a git repository (or any of the parent directories): .git
2026-05-07 20:03:19.338 [info] > git rev-parse --show-toplevel [1ms]
2026-05-07 20:03:19.338 [info] fatal: not a git repository (or any of the parent directories): .git
2026-05-07 20:03:41.827 [info] > git rev-parse --show-toplevel [1ms]
2026-05-07 20:03:41.827 [info] fatal: not a git repository (or any of the parent directories): .git
2026-05-07 20:05:33.277 [info] > git rev-parse --show-toplevel [2ms]
2026-05-07 20:05:33.277 [info] fatal: not a git repository (or any of the parent directories): .git
2026-05-07 20:05:36.578 [info] > git rev-parse --show-toplevel [2ms]
2026-05-07 20:05:36.578 [info] fatal: not a git repository (or any of the parent directories): .git
2026-05-07 20:06:05.516 [info] > git rev-parse --show-toplevel [1ms]
2026-05-07 20:06:05.516 [info] fatal: not a git repository (or any of the parent directories): .git
2026-05-07 20:06:07.021 [info] > git rev-parse --show-toplevel [1ms]
2026-05-07 20:06:07.021 [info] fatal: not a git repository (or any of the parent directories): .git
2026-05-07 20:06:10.656 [info] > git rev-parse --show-toplevel [1ms]
2026-05-07 20:06:10.656 [info] fatal: not a git repository (or any of the parent directories): .git
2026-05-07 20:07:47.841 [info] > git rev-parse --show-toplevel [2ms]
2026-05-07 20:07:47.841 [info] fatal: not a git repository (or any of the parent directories): .git
2026-05-07 20:08:34.473 [info] > git rev-parse --show-toplevel [2ms]
2026-05-07 20:08:34.473 [info] fatal: not a git repository (or any of the parent directories): .git
2026-05-07 20:11:20.398 [info] > git rev-parse --show-toplevel [1ms]
2026-05-07 20:11:20.398 [info] fatal: not a git repository (or any of the parent directories): .git
2026-05-07 20:12:45.932 [info] > git rev-parse --show-toplevel [1ms]
2026-05-07 20:12:45.932 [info] fatal: not a git repository (or any of the parent directories): .git
2026-05-07 20:12:47.298 [info] > git rev-parse --show-toplevel [1ms]
2026-05-07 20:12:47.298 [info] fatal: not a git repository (or any of the parent directories): .git
2026-05-07 20:14:37.852 [info] > git rev-parse --show-toplevel [1ms]
2026-05-07 20:14:37.852 [info] fatal: not a git repository (or any of the parent directories): .git
2026-05-07 20:14:41.718 [info] > git rev-parse --show-toplevel [1ms]
2026-05-07 20:14:41.718 [info] fatal: not a git repository (or any of the parent directories): .git
2026-05-07 20:14:50.702 [info] > git rev-parse --show-toplevel [1ms]
2026-05-07 20:14:50.702 [info] fatal: not a git repository (or any of the parent directories): .git
2026-05-07 20:15:00.776 [info] > git rev-parse --show-toplevel [2ms]
2026-05-07 20:15:00.776 [info] fatal: not a git repository (or any of the parent directories): .git
2026-05-07 20:15:02.047 [info] > git rev-parse --show-toplevel [1ms]
2026-05-07 20:15:02.047 [info] fatal: not a git repository (or any of the parent directories): .git
2026-05-07 20:15:02.912 [info] > git rev-parse --show-toplevel [1ms]
2026-05-07 20:15:02.912 [info] fatal: not a git repository (or any of the parent directories): .git
