2026-05-05 21:20:54.704 [info] Extension host with pid 100095 started
2026-05-05 21:20:54.704 [info] Skipping acquiring lock for /home/vollpe/.config/Code - OSS/User/workspaceStorage/1031803e0170947c9e1cc94b5a3e2465.
2026-05-05 21:20:54.759 [info] ExtensionService#_doActivateExtension vscode.github-authentication, startup: false, activationEvent: 'onAuthenticationRequest:github'
2026-05-05 21:20:54.781 [info] ExtensionService#_doActivateExtension vscode.emmet, startup: false, activationEvent: 'onLanguage'
2026-05-05 21:20:54.853 [info] ExtensionService#_doActivateExtension vscode.git-base, startup: true, activationEvent: '*', root cause: vscode.git
2026-05-05 21:20:54.871 [info] ExtensionService#_doActivateExtension vscode.git, startup: true, activationEvent: '*'
2026-05-05 21:20:54.910 [info] ExtensionService#_doActivateExtension vscode.github, startup: true, activationEvent: '*'
2026-05-05 21:20:55.022 [info] Eager extensions activated
2026-05-05 21:20:55.030 [info] ExtensionService#_doActivateExtension vscode.debug-auto-launch, startup: false, activationEvent: 'onStartupFinished'
2026-05-05 21:20:55.034 [info] ExtensionService#_doActivateExtension vscode.merge-conflict, startup: false, activationEvent: 'onStartupFinished'
2026-05-05 21:20:55.050 [info] ExtensionService#_doActivateExtension NarasimaPandiyan.jetbrainsmono, startup: false, activationEvent: 'onStartupFinished'
2026-05-05 21:21:06.357 [info] ExtensionService#_doActivateExtension theqtcompany.qt-core, startup: false, activationEvent: 'onLanguage:qml', root cause: theqtcompany.qt-qml
2026-05-05 21:21:06.542 [info] ExtensionService#_doActivateExtension theqtcompany.qt-qml, startup: false, activationEvent: 'onLanguage:qml'
2026-05-05 21:21:11.628 [warning] The task [Qt, Acquire Port] uses an undefined task type. The task will be ignored in the future.
2026-05-05 21:22:02.654 [info] ExtensionService#_doActivateExtension vscode.configuration-editing, startup: false, activationEvent: 'onLanguage:jsonc'
2026-05-05 21:22:02.662 [info] ExtensionService#_doActivateExtension vscode.json-language-features, startup: false, activationEvent: 'onLanguage:jsonc'
2026-05-05 21:22:02.726 [info] ExtensionService#_doActivateExtension vscode.typescript-language-features, startup: false, activationEvent: 'onLanguage:jsonc'
2026-05-05 21:22:07.779 [warning] The task [Qt, Acquire Port] uses an undefined task type. The task will be ignored in the future.
2026-05-05 21:23:42.661 [info] ExtensionService#_doActivateExtension usernamehw.errorlens, startup: false, activationEvent: 'onStartupFinished'
2026-05-05 21:27:25.356 [error] [theqtcompany.qt-qml] provider FAILED
2026-05-05 21:27:25.357 [error] Error: Cannot format invalid documents!
	at xt (/home/vollpe/.vscode-oss/extensions/theqtcompany.qt-qml-1.12.0-universal/out/extension.js:53:235)
	at rt (/home/vollpe/.vscode-oss/extensions/theqtcompany.qt-qml-1.12.0-universal/out/extension.js:52:6246)
	at dt (/home/vollpe/.vscode-oss/extensions/theqtcompany.qt-qml-1.12.0-universal/out/extension.js:52:6372)
	at Immediate.<anonymous> (/home/vollpe/.vscode-oss/extensions/theqtcompany.qt-qml-1.12.0-universal/out/extension.js:52:6133)
	at process.processImmediate (node:internal/timers:484:21)
2026-05-05 21:28:09.587 [error] [theqtcompany.qt-qml] provider FAILED
2026-05-05 21:28:09.587 [error] Error: Cannot proceed: current QML document is invalid! Fix all the errors in your QML code and try again.
	at xt (/home/vollpe/.vscode-oss/extensions/theqtcompany.qt-qml-1.12.0-universal/out/extension.js:53:235)
	at rt (/home/vollpe/.vscode-oss/extensions/theqtcompany.qt-qml-1.12.0-universal/out/extension.js:52:6246)
	at dt (/home/vollpe/.vscode-oss/extensions/theqtcompany.qt-qml-1.12.0-universal/out/extension.js:52:6372)
	at Immediate.<anonymous> (/home/vollpe/.vscode-oss/extensions/theqtcompany.qt-qml-1.12.0-universal/out/extension.js:52:6133)
	at process.processImmediate (node:internal/timers:484:21)
2026-05-05 21:29:43.437 [error] [theqtcompany.qt-qml] provider FAILED
2026-05-05 21:29:43.437 [error] Error: Cannot format invalid documents!
	at xt (/home/vollpe/.vscode-oss/extensions/theqtcompany.qt-qml-1.12.0-universal/out/extension.js:53:235)
	at rt (/home/vollpe/.vscode-oss/extensions/theqtcompany.qt-qml-1.12.0-universal/out/extension.js:52:6246)
	at dt (/home/vollpe/.vscode-oss/extensions/theqtcompany.qt-qml-1.12.0-universal/out/extension.js:52:6372)
	at Immediate.<anonymous> (/home/vollpe/.vscode-oss/extensions/theqtcompany.qt-qml-1.12.0-universal/out/extension.js:52:6133)
	at process.processImmediate (node:internal/timers:484:21)
2026-05-05 22:29:39.540 [error] [theqtcompany.qt-qml] provider FAILED
2026-05-05 22:29:39.540 [error] TypeError: Cannot read properties of undefined (reading 'range')
	at Mt (/home/vollpe/.vscode-oss/extensions/theqtcompany.qt-qml-1.12.0-universal/out/extension.js:82:72279)
	at s (/home/vollpe/.vscode-oss/extensions/theqtcompany.qt-qml-1.12.0-universal/out/extension.js:82:46799)
	at Object.Ebe [as map] (/home/vollpe/.vscode-oss/extensions/theqtcompany.qt-qml-1.12.0-universal/out/extension.js:82:46885)
	at Object.$t [as asSymbolInformations] (/home/vollpe/.vscode-oss/extensions/theqtcompany.qt-qml-1.12.0-universal/out/extension.js:82:71912)
	at u (/home/vollpe/.vscode-oss/extensions/theqtcompany.qt-qml-1.12.0-universal/out/extension.js:86:56134)
	at async i.provideDocumentSymbols (file:///usr/lib/code/out/vs/workbench/api/node/extensionHostProcess.js:529:129774)
2026-05-05 22:29:39.580 [error] [theqtcompany.qt-qml] provider FAILED
2026-05-05 22:29:39.580 [error] TypeError: Cannot read properties of undefined (reading 'range')
	at Mt (/home/vollpe/.vscode-oss/extensions/theqtcompany.qt-qml-1.12.0-universal/out/extension.js:82:72279)
	at s (/home/vollpe/.vscode-oss/extensions/theqtcompany.qt-qml-1.12.0-universal/out/extension.js:82:46799)
	at Object.Ebe [as map] (/home/vollpe/.vscode-oss/extensions/theqtcompany.qt-qml-1.12.0-universal/out/extension.js:82:46885)
	at Object.$t [as asSymbolInformations] (/home/vollpe/.vscode-oss/extensions/theqtcompany.qt-qml-1.12.0-universal/out/extension.js:82:71912)
	at u (/home/vollpe/.vscode-oss/extensions/theqtcompany.qt-qml-1.12.0-universal/out/extension.js:86:56134)
	at async i.provideDocumentSymbols (file:///usr/lib/code/out/vs/workbench/api/node/extensionHostProcess.js:529:129774)
2026-05-05 22:38:38.802 [error] [theqtcompany.qt-qml] provider FAILED
2026-05-05 22:38:38.802 [error] Error: Cannot format invalid documents!
	at xt (/home/vollpe/.vscode-oss/extensions/theqtcompany.qt-qml-1.12.0-universal/out/extension.js:53:235)
	at rt (/home/vollpe/.vscode-oss/extensions/theqtcompany.qt-qml-1.12.0-universal/out/extension.js:52:6246)
	at dt (/home/vollpe/.vscode-oss/extensions/theqtcompany.qt-qml-1.12.0-universal/out/extension.js:52:6372)
	at Immediate.<anonymous> (/home/vollpe/.vscode-oss/extensions/theqtcompany.qt-qml-1.12.0-universal/out/extension.js:52:6133)
	at process.processImmediate (node:internal/timers:484:21)
2026-05-05 22:38:40.314 [error] [theqtcompany.qt-qml] provider FAILED
2026-05-05 22:38:40.314 [error] Error: Cannot format invalid documents!
	at xt (/home/vollpe/.vscode-oss/extensions/theqtcompany.qt-qml-1.12.0-universal/out/extension.js:53:235)
	at rt (/home/vollpe/.vscode-oss/extensions/theqtcompany.qt-qml-1.12.0-universal/out/extension.js:52:6246)
	at dt (/home/vollpe/.vscode-oss/extensions/theqtcompany.qt-qml-1.12.0-universal/out/extension.js:52:6372)
	at Immediate.<anonymous> (/home/vollpe/.vscode-oss/extensions/theqtcompany.qt-qml-1.12.0-universal/out/extension.js:52:6133)
	at process.processImmediate (node:internal/timers:484:21)
2026-05-05 22:38:42.149 [error] [theqtcompany.qt-qml] provider FAILED
2026-05-05 22:38:42.149 [error] Error: Cannot format invalid documents!
	at xt (/home/vollpe/.vscode-oss/extensions/theqtcompany.qt-qml-1.12.0-universal/out/extension.js:53:235)
	at rt (/home/vollpe/.vscode-oss/extensions/theqtcompany.qt-qml-1.12.0-universal/out/extension.js:52:6246)
	at dt (/home/vollpe/.vscode-oss/extensions/theqtcompany.qt-qml-1.12.0-universal/out/extension.js:52:6372)
	at Immediate.<anonymous> (/home/vollpe/.vscode-oss/extensions/theqtcompany.qt-qml-1.12.0-universal/out/extension.js:52:6133)
	at process.processImmediate (node:internal/timers:484:21)
2026-05-05 22:39:04.307 [error] [theqtcompany.qt-qml] provider FAILED
2026-05-05 22:39:04.307 [error] Error: selectionRange must be contained in fullRange
	at Fr.validate (file:///usr/lib/code/out/vs/workbench/api/node/extensionHostProcess.js:497:36474)
	at new Fr (file:///usr/lib/code/out/vs/workbench/api/node/extensionHostProcess.js:497:36682)
	at Xt (/home/vollpe/.vscode-oss/extensions/theqtcompany.qt-qml-1.12.0-universal/out/extension.js:82:72644)
	at Xt (/home/vollpe/.vscode-oss/extensions/theqtcompany.qt-qml-1.12.0-universal/out/extension.js:82:72824)
	at Xt (/home/vollpe/.vscode-oss/extensions/theqtcompany.qt-qml-1.12.0-universal/out/extension.js:82:72824)
	at s (/home/vollpe/.vscode-oss/extensions/theqtcompany.qt-qml-1.12.0-universal/out/extension.js:82:46799)
	at Object.Ebe [as map] (/home/vollpe/.vscode-oss/extensions/theqtcompany.qt-qml-1.12.0-universal/out/extension.js:82:46885)
	at Object.cr [as asDocumentSymbols] (/home/vollpe/.vscode-oss/extensions/theqtcompany.qt-qml-1.12.0-universal/out/extension.js:82:72611)
	at u (/home/vollpe/.vscode-oss/extensions/theqtcompany.qt-qml-1.12.0-universal/out/extension.js:86:56080)
	at async i.provideDocumentSymbols (file:///usr/lib/code/out/vs/workbench/api/node/extensionHostProcess.js:529:129774)
2026-05-05 22:39:04.349 [error] [theqtcompany.qt-qml] provider FAILED
2026-05-05 22:39:04.349 [error] Error: selectionRange must be contained in fullRange
	at Fr.validate (file:///usr/lib/code/out/vs/workbench/api/node/extensionHostProcess.js:497:36474)
	at new Fr (file:///usr/lib/code/out/vs/workbench/api/node/extensionHostProcess.js:497:36682)
	at Xt (/home/vollpe/.vscode-oss/extensions/theqtcompany.qt-qml-1.12.0-universal/out/extension.js:82:72644)
	at Xt (/home/vollpe/.vscode-oss/extensions/theqtcompany.qt-qml-1.12.0-universal/out/extension.js:82:72824)
	at Xt (/home/vollpe/.vscode-oss/extensions/theqtcompany.qt-qml-1.12.0-universal/out/extension.js:82:72824)
	at s (/home/vollpe/.vscode-oss/extensions/theqtcompany.qt-qml-1.12.0-universal/out/extension.js:82:46799)
	at Object.Ebe [as map] (/home/vollpe/.vscode-oss/extensions/theqtcompany.qt-qml-1.12.0-universal/out/extension.js:82:46885)
	at Object.cr [as asDocumentSymbols] (/home/vollpe/.vscode-oss/extensions/theqtcompany.qt-qml-1.12.0-universal/out/extension.js:82:72611)
	at u (/home/vollpe/.vscode-oss/extensions/theqtcompany.qt-qml-1.12.0-universal/out/extension.js:86:56080)
	at async i.provideDocumentSymbols (file:///usr/lib/code/out/vs/workbench/api/node/extensionHostProcess.js:529:129774)
2026-05-05 22:39:05.018 [error] [theqtcompany.qt-qml] provider FAILED
2026-05-05 22:39:05.018 [error] Error: selectionRange must be contained in fullRange
	at Fr.validate (file:///usr/lib/code/out/vs/workbench/api/node/extensionHostProcess.js:497:36474)
	at new Fr (file:///usr/lib/code/out/vs/workbench/api/node/extensionHostProcess.js:497:36682)
	at Xt (/home/vollpe/.vscode-oss/extensions/theqtcompany.qt-qml-1.12.0-universal/out/extension.js:82:72644)
	at Xt (/home/vollpe/.vscode-oss/extensions/theqtcompany.qt-qml-1.12.0-universal/out/extension.js:82:72824)
	at Xt (/home/vollpe/.vscode-oss/extensions/theqtcompany.qt-qml-1.12.0-universal/out/extension.js:82:72824)
	at s (/home/vollpe/.vscode-oss/extensions/theqtcompany.qt-qml-1.12.0-universal/out/extension.js:82:46799)
	at Object.Ebe [as map] (/home/vollpe/.vscode-oss/extensions/theqtcompany.qt-qml-1.12.0-universal/out/extension.js:82:46885)
	at Object.cr [as asDocumentSymbols] (/home/vollpe/.vscode-oss/extensions/theqtcompany.qt-qml-1.12.0-universal/out/extension.js:82:72611)
	at u (/home/vollpe/.vscode-oss/extensions/theqtcompany.qt-qml-1.12.0-universal/out/extension.js:86:56080)
	at async i.provideDocumentSymbols (file:///usr/lib/code/out/vs/workbench/api/node/extensionHostProcess.js:529:129774)
2026-05-05 22:39:05.057 [error] [theqtcompany.qt-qml] provider FAILED
2026-05-05 22:39:05.057 [error] Error: selectionRange must be contained in fullRange
	at Fr.validate (file:///usr/lib/code/out/vs/workbench/api/node/extensionHostProcess.js:497:36474)
	at new Fr (file:///usr/lib/code/out/vs/workbench/api/node/extensionHostProcess.js:497:36682)
	at Xt (/home/vollpe/.vscode-oss/extensions/theqtcompany.qt-qml-1.12.0-universal/out/extension.js:82:72644)
	at Xt (/home/vollpe/.vscode-oss/extensions/theqtcompany.qt-qml-1.12.0-universal/out/extension.js:82:72824)
	at Xt (/home/vollpe/.vscode-oss/extensions/theqtcompany.qt-qml-1.12.0-universal/out/extension.js:82:72824)
	at s (/home/vollpe/.vscode-oss/extensions/theqtcompany.qt-qml-1.12.0-universal/out/extension.js:82:46799)
	at Object.Ebe [as map] (/home/vollpe/.vscode-oss/extensions/theqtcompany.qt-qml-1.12.0-universal/out/extension.js:82:46885)
	at Object.cr [as asDocumentSymbols] (/home/vollpe/.vscode-oss/extensions/theqtcompany.qt-qml-1.12.0-universal/out/extension.js:82:72611)
	at u (/home/vollpe/.vscode-oss/extensions/theqtcompany.qt-qml-1.12.0-universal/out/extension.js:86:56080)
	at runNextTicks (node:internal/process/task_queues:64:5)
	at process.processImmediate (node:internal/timers:452:9)
	at async i.provideDocumentSymbols (file:///usr/lib/code/out/vs/workbench/api/node/extensionHostProcess.js:529:129774)
2026-05-05 22:39:05.624 [error] [theqtcompany.qt-qml] provider FAILED
2026-05-05 22:39:05.624 [error] Error: selectionRange must be contained in fullRange
	at Fr.validate (file:///usr/lib/code/out/vs/workbench/api/node/extensionHostProcess.js:497:36474)
	at new Fr (file:///usr/lib/code/out/vs/workbench/api/node/extensionHostProcess.js:497:36682)
	at Xt (/home/vollpe/.vscode-oss/extensions/theqtcompany.qt-qml-1.12.0-universal/out/extension.js:82:72644)
	at Xt (/home/vollpe/.vscode-oss/extensions/theqtcompany.qt-qml-1.12.0-universal/out/extension.js:82:72824)
	at Xt (/home/vollpe/.vscode-oss/extensions/theqtcompany.qt-qml-1.12.0-universal/out/extension.js:82:72824)
	at s (/home/vollpe/.vscode-oss/extensions/theqtcompany.qt-qml-1.12.0-universal/out/extension.js:82:46799)
	at Object.Ebe [as map] (/home/vollpe/.vscode-oss/extensions/theqtcompany.qt-qml-1.12.0-universal/out/extension.js:82:46885)
	at Object.cr [as asDocumentSymbols] (/home/vollpe/.vscode-oss/extensions/theqtcompany.qt-qml-1.12.0-universal/out/extension.js:82:72611)
	at u (/home/vollpe/.vscode-oss/extensions/theqtcompany.qt-qml-1.12.0-universal/out/extension.js:86:56080)
	at async i.provideDocumentSymbols (file:///usr/lib/code/out/vs/workbench/api/node/extensionHostProcess.js:529:129774)
2026-05-05 22:39:05.662 [error] [theqtcompany.qt-qml] provider FAILED
2026-05-05 22:39:05.662 [error] Error: selectionRange must be contained in fullRange
	at Fr.validate (file:///usr/lib/code/out/vs/workbench/api/node/extensionHostProcess.js:497:36474)
	at new Fr (file:///usr/lib/code/out/vs/workbench/api/node/extensionHostProcess.js:497:36682)
	at Xt (/home/vollpe/.vscode-oss/extensions/theqtcompany.qt-qml-1.12.0-universal/out/extension.js:82:72644)
	at Xt (/home/vollpe/.vscode-oss/extensions/theqtcompany.qt-qml-1.12.0-universal/out/extension.js:82:72824)
	at Xt (/home/vollpe/.vscode-oss/extensions/theqtcompany.qt-qml-1.12.0-universal/out/extension.js:82:72824)
	at s (/home/vollpe/.vscode-oss/extensions/theqtcompany.qt-qml-1.12.0-universal/out/extension.js:82:46799)
	at Object.Ebe [as map] (/home/vollpe/.vscode-oss/extensions/theqtcompany.qt-qml-1.12.0-universal/out/extension.js:82:46885)
	at Object.cr [as asDocumentSymbols] (/home/vollpe/.vscode-oss/extensions/theqtcompany.qt-qml-1.12.0-universal/out/extension.js:82:72611)
	at u (/home/vollpe/.vscode-oss/extensions/theqtcompany.qt-qml-1.12.0-universal/out/extension.js:86:56080)
	at runNextTicks (node:internal/process/task_queues:64:5)
	at process.processImmediate (node:internal/timers:452:9)
	at async i.provideDocumentSymbols (file:///usr/lib/code/out/vs/workbench/api/node/extensionHostProcess.js:529:129774)
2026-05-05 22:39:06.018 [error] [theqtcompany.qt-qml] provider FAILED
2026-05-05 22:39:06.018 [error] Error: selectionRange must be contained in fullRange
	at Fr.validate (file:///usr/lib/code/out/vs/workbench/api/node/extensionHostProcess.js:497:36474)
	at new Fr (file:///usr/lib/code/out/vs/workbench/api/node/extensionHostProcess.js:497:36682)
	at Xt (/home/vollpe/.vscode-oss/extensions/theqtcompany.qt-qml-1.12.0-universal/out/extension.js:82:72644)
	at Xt (/home/vollpe/.vscode-oss/extensions/theqtcompany.qt-qml-1.12.0-universal/out/extension.js:82:72824)
	at Xt (/home/vollpe/.vscode-oss/extensions/theqtcompany.qt-qml-1.12.0-universal/out/extension.js:82:72824)
	at s (/home/vollpe/.vscode-oss/extensions/theqtcompany.qt-qml-1.12.0-universal/out/extension.js:82:46799)
	at Object.Ebe [as map] (/home/vollpe/.vscode-oss/extensions/theqtcompany.qt-qml-1.12.0-universal/out/extension.js:82:46885)
	at Object.cr [as asDocumentSymbols] (/home/vollpe/.vscode-oss/extensions/theqtcompany.qt-qml-1.12.0-universal/out/extension.js:82:72611)
	at u (/home/vollpe/.vscode-oss/extensions/theqtcompany.qt-qml-1.12.0-universal/out/extension.js:86:56080)
	at async i.provideDocumentSymbols (file:///usr/lib/code/out/vs/workbench/api/node/extensionHostProcess.js:529:129774)
2026-05-05 22:39:06.698 [error] [theqtcompany.qt-qml] provider FAILED
2026-05-05 22:39:06.698 [error] Error: selectionRange must be contained in fullRange
	at Fr.validate (file:///usr/lib/code/out/vs/workbench/api/node/extensionHostProcess.js:497:36474)
	at new Fr (file:///usr/lib/code/out/vs/workbench/api/node/extensionHostProcess.js:497:36682)
	at Xt (/home/vollpe/.vscode-oss/extensions/theqtcompany.qt-qml-1.12.0-universal/out/extension.js:82:72644)
	at Xt (/home/vollpe/.vscode-oss/extensions/theqtcompany.qt-qml-1.12.0-universal/out/extension.js:82:72824)
	at Xt (/home/vollpe/.vscode-oss/extensions/theqtcompany.qt-qml-1.12.0-universal/out/extension.js:82:72824)
	at s (/home/vollpe/.vscode-oss/extensions/theqtcompany.qt-qml-1.12.0-universal/out/extension.js:82:46799)
	at Object.Ebe [as map] (/home/vollpe/.vscode-oss/extensions/theqtcompany.qt-qml-1.12.0-universal/out/extension.js:82:46885)
	at Object.cr [as asDocumentSymbols] (/home/vollpe/.vscode-oss/extensions/theqtcompany.qt-qml-1.12.0-universal/out/extension.js:82:72611)
	at u (/home/vollpe/.vscode-oss/extensions/theqtcompany.qt-qml-1.12.0-universal/out/extension.js:86:56080)
	at async i.provideDocumentSymbols (file:///usr/lib/code/out/vs/workbench/api/node/extensionHostProcess.js:529:129774)
2026-05-05 22:39:06.734 [error] [theqtcompany.qt-qml] provider FAILED
2026-05-05 22:39:06.734 [error] Error: selectionRange must be contained in fullRange
	at Fr.validate (file:///usr/lib/code/out/vs/workbench/api/node/extensionHostProcess.js:497:36474)
	at new Fr (file:///usr/lib/code/out/vs/workbench/api/node/extensionHostProcess.js:497:36682)
	at Xt (/home/vollpe/.vscode-oss/extensions/theqtcompany.qt-qml-1.12.0-universal/out/extension.js:82:72644)
	at Xt (/home/vollpe/.vscode-oss/extensions/theqtcompany.qt-qml-1.12.0-universal/out/extension.js:82:72824)
	at Xt (/home/vollpe/.vscode-oss/extensions/theqtcompany.qt-qml-1.12.0-universal/out/extension.js:82:72824)
	at s (/home/vollpe/.vscode-oss/extensions/theqtcompany.qt-qml-1.12.0-universal/out/extension.js:82:46799)
	at Object.Ebe [as map] (/home/vollpe/.vscode-oss/extensions/theqtcompany.qt-qml-1.12.0-universal/out/extension.js:82:46885)
	at Object.cr [as asDocumentSymbols] (/home/vollpe/.vscode-oss/extensions/theqtcompany.qt-qml-1.12.0-universal/out/extension.js:82:72611)
	at u (/home/vollpe/.vscode-oss/extensions/theqtcompany.qt-qml-1.12.0-universal/out/extension.js:86:56080)
	at async i.provideDocumentSymbols (file:///usr/lib/code/out/vs/workbench/api/node/extensionHostProcess.js:529:129774)
2026-05-05 22:39:07.139 [error] [theqtcompany.qt-qml] provider FAILED
2026-05-05 22:39:07.139 [error] Error: selectionRange must be contained in fullRange
	at Fr.validate (file:///usr/lib/code/out/vs/workbench/api/node/extensionHostProcess.js:497:36474)
	at new Fr (file:///usr/lib/code/out/vs/workbench/api/node/extensionHostProcess.js:497:36682)
	at Xt (/home/vollpe/.vscode-oss/extensions/theqtcompany.qt-qml-1.12.0-universal/out/extension.js:82:72644)
	at Xt (/home/vollpe/.vscode-oss/extensions/theqtcompany.qt-qml-1.12.0-universal/out/extension.js:82:72824)
	at Xt (/home/vollpe/.vscode-oss/extensions/theqtcompany.qt-qml-1.12.0-universal/out/extension.js:82:72824)
	at s (/home/vollpe/.vscode-oss/extensions/theqtcompany.qt-qml-1.12.0-universal/out/extension.js:82:46799)
	at Object.Ebe [as map] (/home/vollpe/.vscode-oss/extensions/theqtcompany.qt-qml-1.12.0-universal/out/extension.js:82:46885)
	at Object.cr [as asDocumentSymbols] (/home/vollpe/.vscode-oss/extensions/theqtcompany.qt-qml-1.12.0-universal/out/extension.js:82:72611)
	at u (/home/vollpe/.vscode-oss/extensions/theqtcompany.qt-qml-1.12.0-universal/out/extension.js:86:56080)
	at async i.provideDocumentSymbols (file:///usr/lib/code/out/vs/workbench/api/node/extensionHostProcess.js:529:129774)
2026-05-05 22:39:07.176 [error] [theqtcompany.qt-qml] provider FAILED
2026-05-05 22:39:07.176 [error] Error: selectionRange must be contained in fullRange
	at Fr.validate (file:///usr/lib/code/out/vs/workbench/api/node/extensionHostProcess.js:497:36474)
	at new Fr (file:///usr/lib/code/out/vs/workbench/api/node/extensionHostProcess.js:497:36682)
	at Xt (/home/vollpe/.vscode-oss/extensions/theqtcompany.qt-qml-1.12.0-universal/out/extension.js:82:72644)
	at Xt (/home/vollpe/.vscode-oss/extensions/theqtcompany.qt-qml-1.12.0-universal/out/extension.js:82:72824)
	at Xt (/home/vollpe/.vscode-oss/extensions/theqtcompany.qt-qml-1.12.0-universal/out/extension.js:82:72824)
	at s (/home/vollpe/.vscode-oss/extensions/theqtcompany.qt-qml-1.12.0-universal/out/extension.js:82:46799)
	at Object.Ebe [as map] (/home/vollpe/.vscode-oss/extensions/theqtcompany.qt-qml-1.12.0-universal/out/extension.js:82:46885)
	at Object.cr [as asDocumentSymbols] (/home/vollpe/.vscode-oss/extensions/theqtcompany.qt-qml-1.12.0-universal/out/extension.js:82:72611)
	at u (/home/vollpe/.vscode-oss/extensions/theqtcompany.qt-qml-1.12.0-universal/out/extension.js:86:56080)
	at async i.provideDocumentSymbols (file:///usr/lib/code/out/vs/workbench/api/node/extensionHostProcess.js:529:129774)
2026-05-05 22:39:07.823 [error] [theqtcompany.qt-qml] provider FAILED
2026-05-05 22:39:07.823 [error] Error: selectionRange must be contained in fullRange
	at Fr.validate (file:///usr/lib/code/out/vs/workbench/api/node/extensionHostProcess.js:497:36474)
	at new Fr (file:///usr/lib/code/out/vs/workbench/api/node/extensionHostProcess.js:497:36682)
	at Xt (/home/vollpe/.vscode-oss/extensions/theqtcompany.qt-qml-1.12.0-universal/out/extension.js:82:72644)
	at Xt (/home/vollpe/.vscode-oss/extensions/theqtcompany.qt-qml-1.12.0-universal/out/extension.js:82:72824)
	at Xt (/home/vollpe/.vscode-oss/extensions/theqtcompany.qt-qml-1.12.0-universal/out/extension.js:82:72824)
	at s (/home/vollpe/.vscode-oss/extensions/theqtcompany.qt-qml-1.12.0-universal/out/extension.js:82:46799)
	at Object.Ebe [as map] (/home/vollpe/.vscode-oss/extensions/theqtcompany.qt-qml-1.12.0-universal/out/extension.js:82:46885)
	at Object.cr [as asDocumentSymbols] (/home/vollpe/.vscode-oss/extensions/theqtcompany.qt-qml-1.12.0-universal/out/extension.js:82:72611)
	at u (/home/vollpe/.vscode-oss/extensions/theqtcompany.qt-qml-1.12.0-universal/out/extension.js:86:56080)
	at async i.provideDocumentSymbols (file:///usr/lib/code/out/vs/workbench/api/node/extensionHostProcess.js:529:129774)
2026-05-05 22:39:07.862 [error] [theqtcompany.qt-qml] provider FAILED
2026-05-05 22:39:07.862 [error] Error: selectionRange must be contained in fullRange
	at Fr.validate (file:///usr/lib/code/out/vs/workbench/api/node/extensionHostProcess.js:497:36474)
	at new Fr (file:///usr/lib/code/out/vs/workbench/api/node/extensionHostProcess.js:497:36682)
	at Xt (/home/vollpe/.vscode-oss/extensions/theqtcompany.qt-qml-1.12.0-universal/out/extension.js:82:72644)
	at Xt (/home/vollpe/.vscode-oss/extensions/theqtcompany.qt-qml-1.12.0-universal/out/extension.js:82:72824)
	at Xt (/home/vollpe/.vscode-oss/extensions/theqtcompany.qt-qml-1.12.0-universal/out/extension.js:82:72824)
	at s (/home/vollpe/.vscode-oss/extensions/theqtcompany.qt-qml-1.12.0-universal/out/extension.js:82:46799)
	at Object.Ebe [as map] (/home/vollpe/.vscode-oss/extensions/theqtcompany.qt-qml-1.12.0-universal/out/extension.js:82:46885)
	at Object.cr [as asDocumentSymbols] (/home/vollpe/.vscode-oss/extensions/theqtcompany.qt-qml-1.12.0-universal/out/extension.js:82:72611)
	at u (/home/vollpe/.vscode-oss/extensions/theqtcompany.qt-qml-1.12.0-universal/out/extension.js:86:56080)
	at async i.provideDocumentSymbols (file:///usr/lib/code/out/vs/workbench/api/node/extensionHostProcess.js:529:129774)
2026-05-05 22:39:08.246 [error] [theqtcompany.qt-qml] provider FAILED
2026-05-05 22:39:08.246 [error] Error: selectionRange must be contained in fullRange
	at Fr.validate (file:///usr/lib/code/out/vs/workbench/api/node/extensionHostProcess.js:497:36474)
	at new Fr (file:///usr/lib/code/out/vs/workbench/api/node/extensionHostProcess.js:497:36682)
	at Xt (/home/vollpe/.vscode-oss/extensions/theqtcompany.qt-qml-1.12.0-universal/out/extension.js:82:72644)
	at Xt (/home/vollpe/.vscode-oss/extensions/theqtcompany.qt-qml-1.12.0-universal/out/extension.js:82:72824)
	at Xt (/home/vollpe/.vscode-oss/extensions/theqtcompany.qt-qml-1.12.0-universal/out/extension.js:82:72824)
	at s (/home/vollpe/.vscode-oss/extensions/theqtcompany.qt-qml-1.12.0-universal/out/extension.js:82:46799)
	at Object.Ebe [as map] (/home/vollpe/.vscode-oss/extensions/theqtcompany.qt-qml-1.12.0-universal/out/extension.js:82:46885)
	at Object.cr [as asDocumentSymbols] (/home/vollpe/.vscode-oss/extensions/theqtcompany.qt-qml-1.12.0-universal/out/extension.js:82:72611)
	at u (/home/vollpe/.vscode-oss/extensions/theqtcompany.qt-qml-1.12.0-universal/out/extension.js:86:56080)
	at async i.provideDocumentSymbols (file:///usr/lib/code/out/vs/workbench/api/node/extensionHostProcess.js:529:129774)
2026-05-05 22:39:08.286 [error] [theqtcompany.qt-qml] provider FAILED
2026-05-05 22:39:08.286 [error] Error: selectionRange must be contained in fullRange
	at Fr.validate (file:///usr/lib/code/out/vs/workbench/api/node/extensionHostProcess.js:497:36474)
	at new Fr (file:///usr/lib/code/out/vs/workbench/api/node/extensionHostProcess.js:497:36682)
	at Xt (/home/vollpe/.vscode-oss/extensions/theqtcompany.qt-qml-1.12.0-universal/out/extension.js:82:72644)
	at Xt (/home/vollpe/.vscode-oss/extensions/theqtcompany.qt-qml-1.12.0-universal/out/extension.js:82:72824)
	at Xt (/home/vollpe/.vscode-oss/extensions/theqtcompany.qt-qml-1.12.0-universal/out/extension.js:82:72824)
	at s (/home/vollpe/.vscode-oss/extensions/theqtcompany.qt-qml-1.12.0-universal/out/extension.js:82:46799)
	at Object.Ebe [as map] (/home/vollpe/.vscode-oss/extensions/theqtcompany.qt-qml-1.12.0-universal/out/extension.js:82:46885)
	at Object.cr [as asDocumentSymbols] (/home/vollpe/.vscode-oss/extensions/theqtcompany.qt-qml-1.12.0-universal/out/extension.js:82:72611)
	at u (/home/vollpe/.vscode-oss/extensions/theqtcompany.qt-qml-1.12.0-universal/out/extension.js:86:56080)
	at async i.provideDocumentSymbols (file:///usr/lib/code/out/vs/workbench/api/node/extensionHostProcess.js:529:129774)
2026-05-05 23:07:12.176 [info] Extension host terminating: received terminate message from renderer
2026-05-05 23:07:12.186 [error] An error occurred when deactivating the extension 'NarasimaPandiyan.jetbrainsmono':
2026-05-05 23:07:12.186 [error] TypeError: Cannot read properties of undefined (reading 'extension')
	at deactivateJBM (/home/vollpe/.vscode-oss/extensions/narasimapandiyan.jetbrainsmono-1.0.3-universal/out/util.js:54:27)
	at Object.deactivate (/home/vollpe/.vscode-oss/extensions/narasimapandiyan.jetbrainsmono-1.0.3-universal/out/extension.js:16:30)
	at yP._deactivate (file:///usr/lib/code/out/vs/workbench/api/node/extensionHostProcess.js:505:14479)
	at file:///usr/lib/code/out/vs/workbench/api/node/extensionHostProcess.js:505:12006
	at Array.map (<anonymous>)
	at yP._deactivateAll (file:///usr/lib/code/out/vs/workbench/api/node/extensionHostProcess.js:505:11994)
	at yP.terminate (file:///usr/lib/code/out/vs/workbench/api/node/extensionHostProcess.js:505:12345)
	at i.terminate (file:///usr/lib/code/out/vs/workbench/api/node/extensionHostProcess.js:507:1072)
	at js (file:///usr/lib/code/out/vs/workbench/api/node/extensionHostProcess.js:831:11700)
	at ap.value (file:///usr/lib/code/out/vs/workbench/api/node/extensionHostProcess.js:831:9847)
	at E._deliver (file:///usr/lib/code/out/vs/workbench/api/node/extensionHostProcess.js:403:3126)
	at E.fire (file:///usr/lib/code/out/vs/workbench/api/node/extensionHostProcess.js:403:3444)
	at as.fire (file:///usr/lib/code/out/vs/workbench/api/node/extensionHostProcess.js:405:8437)
	at MessagePortMain.<anonymous> (file:///usr/lib/code/out/vs/workbench/api/node/extensionHostProcess.js:831:8082)
	at MessagePortMain.emit (node:events:519:28)
	at MessagePortMain._internalPort.emit (node:electron/js2c/utility_init:2:2959)
2026-05-05 23:07:12.192 [info] Extension host with pid 100095 exiting with code 0
