2026-05-05 21:16:23.139 [info] [main] Log level: Info
2026-05-05 21:16:23.139 [info] [main] Validating found git in: "git"
2026-05-05 21:16:23.139 [info] [main] Using git "2.54.0" from "git"
2026-05-05 21:16:23.139 [info] [Model][doInitialScan] Initial repository scan started
2026-05-05 21:16:23.139 [info] > git rev-parse --show-toplevel [8ms]
2026-05-05 21:16:23.139 [info] fatal: not a git repository (or any of the parent directories): .git
2026-05-05 21:16:23.139 [info] > git rev-parse --show-toplevel [4ms]
2026-05-05 21:16:23.139 [info] fatal: not a git repository (or any of the parent directories): .git
2026-05-05 21:16:23.139 [info] > git rev-parse --show-toplevel [2ms]
2026-05-05 21:16:23.139 [info] fatal: not a git repository (or any of the parent directories): .git
2026-05-05 21:16:23.139 [info] > git rev-parse --show-toplevel [2ms]
2026-05-05 21:16:23.139 [info] fatal: not a git repository (or any of the parent directories): .git
2026-05-05 21:16:23.139 [info] > git rev-parse --show-toplevel [4ms]
2026-05-05 21:16:23.139 [info] fatal: not a git repository (or any of the parent directories): .git
2026-05-05 21:16:23.139 [info] [Model][doInitialScan] Initial repository scan completed - repositories (0), closed repositories (0), parent repositories (0), unsafe repositories (0)
2026-05-05 21:16:23.139 [info] > git rev-parse --show-toplevel [2ms]
2026-05-05 21:16:23.139 [info] fatal: not a git repository (or any of the parent directories): .git
2026-05-05 21:16:23.247 [info] > git rev-parse --show-toplevel [5ms]
2026-05-05 21:16:23.247 [info] fatal: not a git repository (or any of the parent directories): .git
2026-05-05 21:16:23.253 [info] > git rev-parse --show-toplevel [2ms]
2026-05-05 21:16:23.253 [info] fatal: not a git repository (or any of the parent directories): .git
2026-05-05 21:16:23.486 [info] > git rev-parse --show-toplevel [1ms]
2026-05-05 21:16:23.486 [info] fatal: not a git repository (or any of the parent directories): .git
2026-05-05 21:16:24.805 [info] > git rev-parse --show-toplevel [1ms]
2026-05-05 21:16:24.805 [info] fatal: not a git repository (or any of the parent directories): .git
2026-05-05 21:16:24.816 [info] > git rev-parse --show-toplevel [1ms]
2026-05-05 21:16:24.816 [info] fatal: not a git repository (or any of the parent directories): .git
2026-05-05 21:19:33.815 [info] > git rev-parse --show-toplevel [2ms]
2026-05-05 21:19:33.815 [info] fatal: not a git repository (or any of the parent directories): .git
2026-05-05 21:20:35.595 [info] > git rev-parse --show-toplevel [2ms]
2026-05-05 21:20:35.595 [info] fatal: not a git repository (or any of the parent directories): .git
2026-05-05 21:20:45.529 [info] > git rev-parse --show-toplevel [1ms]
2026-05-05 21:20:45.530 [info] fatal: not a git repository (or any of the parent directories): .git
