2026-05-07 17:52:37.796 [info] [main] Log level: Info
2026-05-07 17:52:37.796 [info] [main] Validating found git in: "git"
2026-05-07 17:52:37.796 [info] [main] Using git "2.54.0" from "git"
2026-05-07 17:52:37.796 [info] [Model][doInitialScan] Initial repository scan started
2026-05-07 17:52:37.796 [info] > git rev-parse --show-toplevel [32ms]
2026-05-07 17:52:37.796 [info] fatal: not a git repository (or any of the parent directories): .git
2026-05-07 17:52:37.796 [info] > git rev-parse --show-toplevel [1ms]
2026-05-07 17:52:37.796 [info] fatal: not a git repository (or any of the parent directories): .git
2026-05-07 17:52:37.796 [info] > git rev-parse --show-toplevel [1ms]
2026-05-07 17:52:37.796 [info] fatal: not a git repository (or any of the parent directories): .git
2026-05-07 17:52:37.796 [info] > git rev-parse --show-toplevel [1ms]
2026-05-07 17:52:37.796 [info] fatal: not a git repository (or any of the parent directories): .git
2026-05-07 17:52:37.796 [info] > git rev-parse --show-toplevel [1ms]
2026-05-07 17:52:37.796 [info] fatal: not a git repository (or any of the parent directories): .git
2026-05-07 17:52:37.796 [info] > git rev-parse --show-toplevel [9ms]
2026-05-07 17:52:37.796 [info] fatal: not a git repository (or any of the parent directories): .git
2026-05-07 17:52:37.796 [info] [Model][doInitialScan] Initial repository scan completed - repositories (0), closed repositories (0), parent repositories (0), unsafe repositories (0)
2026-05-07 17:52:46.853 [info] > git rev-parse --show-toplevel [6ms]
2026-05-07 17:52:46.853 [info] fatal: not a git repository (or any of the parent directories): .git
2026-05-07 17:52:46.861 [info] > git rev-parse --show-toplevel [2ms]
2026-05-07 17:52:46.861 [info] fatal: not a git repository (or any of the parent directories): .git
2026-05-07 17:52:47.127 [info] > git rev-parse --show-toplevel [13ms]
2026-05-07 17:52:47.127 [info] fatal: not a git repository (or any of the parent directories): .git
2026-05-07 17:52:47.254 [info] > git rev-parse --show-toplevel [1ms]
2026-05-07 17:52:47.254 [info] fatal: not a git repository (or any of the parent directories): .git
2026-05-07 17:52:47.820 [info] > git rev-parse --show-toplevel [1ms]
2026-05-07 17:52:47.820 [info] fatal: not a git repository (or any of the parent directories): .git
