2026-05-07 17:53:52.796 [info] Extension host with pid 48725 started
2026-05-07 17:53:52.796 [info] Skipping acquiring lock for /home/vollpe/.config/Code - OSS/User/workspaceStorage/1031803e0170947c9e1cc94b5a3e2465.
2026-05-07 17:53:52.892 [info] ExtensionService#_doActivateExtension vscode.github-authentication, startup: false, activationEvent: 'onAuthenticationRequest:github'
2026-05-07 17:53:52.915 [info] ExtensionService#_doActivateExtension vscode.emmet, startup: false, activationEvent: 'onLanguage'
2026-05-07 17:53:52.931 [info] ExtensionService#_doActivateExtension theqtcompany.qt-core, startup: false, activationEvent: 'onLanguage:qml', root cause: theqtcompany.qt-qml
2026-05-07 17:53:53.151 [info] ExtensionService#_doActivateExtension theqtcompany.qt-qml, startup: false, activationEvent: 'onLanguage:qml'
2026-05-07 17:53:53.252 [info] ExtensionService#_doActivateExtension vscode.git-base, startup: true, activationEvent: '*', root cause: vscode.git
2026-05-07 17:53:53.284 [info] ExtensionService#_doActivateExtension vscode.git, startup: true, activationEvent: '*'
2026-05-07 17:53:53.325 [info] ExtensionService#_doActivateExtension vscode.github, startup: true, activationEvent: '*'
2026-05-07 17:53:53.438 [info] Eager extensions activated
2026-05-07 17:53:53.446 [info] ExtensionService#_doActivateExtension vscode.debug-auto-launch, startup: false, activationEvent: 'onStartupFinished'
2026-05-07 17:53:53.448 [info] ExtensionService#_doActivateExtension vscode.merge-conflict, startup: false, activationEvent: 'onStartupFinished'
2026-05-07 17:53:53.467 [info] ExtensionService#_doActivateExtension NarasimaPandiyan.jetbrainsmono, startup: false, activationEvent: 'onStartupFinished'
2026-05-07 17:53:53.468 [info] ExtensionService#_doActivateExtension usernamehw.errorlens, startup: false, activationEvent: 'onStartupFinished'
2026-05-07 17:53:58.246 [warning] The task [Qt, Acquire Port] uses an undefined task type. The task will be ignored in the future.
2026-05-07 17:59:29.075 [error] [theqtcompany.qt-qml] provider FAILED
2026-05-07 17:59:29.076 [error] Error: Cannot format invalid documents!
	at xt (/home/vollpe/.vscode-oss/extensions/theqtcompany.qt-qml-1.12.0-universal/out/extension.js:53:235)
	at rt (/home/vollpe/.vscode-oss/extensions/theqtcompany.qt-qml-1.12.0-universal/out/extension.js:52:6246)
	at dt (/home/vollpe/.vscode-oss/extensions/theqtcompany.qt-qml-1.12.0-universal/out/extension.js:52:6372)
	at Immediate.<anonymous> (/home/vollpe/.vscode-oss/extensions/theqtcompany.qt-qml-1.12.0-universal/out/extension.js:52:6133)
	at process.processImmediate (node:internal/timers:484:21)
2026-05-07 18:10:25.834 [info] Extension host terminating: received terminate message from renderer
2026-05-07 18:10:25.841 [error] An error occurred when deactivating the extension 'NarasimaPandiyan.jetbrainsmono':
2026-05-07 18:10:25.841 [error] TypeError: Cannot read properties of undefined (reading 'extension')
	at deactivateJBM (/home/vollpe/.vscode-oss/extensions/narasimapandiyan.jetbrainsmono-1.0.3-universal/out/util.js:54:27)
	at Object.deactivate (/home/vollpe/.vscode-oss/extensions/narasimapandiyan.jetbrainsmono-1.0.3-universal/out/extension.js:16:30)
	at yP._deactivate (file:///usr/lib/code/out/vs/workbench/api/node/extensionHostProcess.js:505:14479)
	at file:///usr/lib/code/out/vs/workbench/api/node/extensionHostProcess.js:505:12006
	at Array.map (<anonymous>)
	at yP._deactivateAll (file:///usr/lib/code/out/vs/workbench/api/node/extensionHostProcess.js:505:11994)
	at yP.terminate (file:///usr/lib/code/out/vs/workbench/api/node/extensionHostProcess.js:505:12345)
	at i.terminate (file:///usr/lib/code/out/vs/workbench/api/node/extensionHostProcess.js:507:1072)
	at js (file:///usr/lib/code/out/vs/workbench/api/node/extensionHostProcess.js:831:11700)
	at ap.value (file:///usr/lib/code/out/vs/workbench/api/node/extensionHostProcess.js:831:9847)
	at E._deliver (file:///usr/lib/code/out/vs/workbench/api/node/extensionHostProcess.js:403:3126)
	at E.fire (file:///usr/lib/code/out/vs/workbench/api/node/extensionHostProcess.js:403:3444)
	at as.fire (file:///usr/lib/code/out/vs/workbench/api/node/extensionHostProcess.js:405:8437)
	at MessagePortMain.<anonymous> (file:///usr/lib/code/out/vs/workbench/api/node/extensionHostProcess.js:831:8082)
	at MessagePortMain.emit (node:events:519:28)
	at MessagePortMain._internalPort.emit (node:electron/js2c/utility_init:2:2959)
2026-05-07 18:10:25.846 [info] Extension host with pid 48725 exiting with code 0
