2026-05-07 17:52:37.136 [info] Extension host with pid 48199 started
2026-05-07 17:52:37.137 [info] Skipping acquiring lock for /home/vollpe/.config/Code - OSS/User/workspaceStorage/1031803e0170947c9e1cc94b5a3e2465.
2026-05-07 17:52:37.235 [info] ExtensionService#_doActivateExtension vscode.github-authentication, startup: false, activationEvent: 'onAuthenticationRequest:github'
2026-05-07 17:52:37.258 [info] ExtensionService#_doActivateExtension vscode.emmet, startup: false, activationEvent: 'onLanguage'
2026-05-07 17:52:37.272 [info] ExtensionService#_doActivateExtension theqtcompany.qt-core, startup: false, activationEvent: 'onLanguage:qml', root cause: theqtcompany.qt-qml
2026-05-07 17:52:37.483 [info] ExtensionService#_doActivateExtension theqtcompany.qt-qml, startup: false, activationEvent: 'onLanguage:qml'
2026-05-07 17:52:37.584 [info] ExtensionService#_doActivateExtension vscode.git-base, startup: true, activationEvent: '*', root cause: vscode.git
2026-05-07 17:52:37.619 [info] ExtensionService#_doActivateExtension vscode.git, startup: true, activationEvent: '*'
2026-05-07 17:52:37.662 [info] ExtensionService#_doActivateExtension vscode.github, startup: true, activationEvent: '*'
2026-05-07 17:52:37.768 [info] Eager extensions activated
2026-05-07 17:52:37.770 [info] ExtensionService#_doActivateExtension vscode.debug-auto-launch, startup: false, activationEvent: 'onStartupFinished'
2026-05-07 17:52:37.772 [info] ExtensionService#_doActivateExtension vscode.merge-conflict, startup: false, activationEvent: 'onStartupFinished'
2026-05-07 17:52:37.788 [info] ExtensionService#_doActivateExtension NarasimaPandiyan.jetbrainsmono, startup: false, activationEvent: 'onStartupFinished'
2026-05-07 17:52:37.790 [info] ExtensionService#_doActivateExtension usernamehw.errorlens, startup: false, activationEvent: 'onStartupFinished'
2026-05-07 17:52:42.574 [warning] The task [Qt, Acquire Port] uses an undefined task type. The task will be ignored in the future.
2026-05-07 17:52:52.091 [info] Extension host terminating: received terminate message from renderer
2026-05-07 17:52:52.098 [error] An error occurred when deactivating the extension 'NarasimaPandiyan.jetbrainsmono':
2026-05-07 17:52:52.098 [error] TypeError: Cannot read properties of undefined (reading 'extension')
	at deactivateJBM (/home/vollpe/.vscode-oss/extensions/narasimapandiyan.jetbrainsmono-1.0.3-universal/out/util.js:54:27)
	at Object.deactivate (/home/vollpe/.vscode-oss/extensions/narasimapandiyan.jetbrainsmono-1.0.3-universal/out/extension.js:16:30)
	at yP._deactivate (file:///usr/lib/code/out/vs/workbench/api/node/extensionHostProcess.js:505:14479)
	at file:///usr/lib/code/out/vs/workbench/api/node/extensionHostProcess.js:505:12006
	at Array.map (<anonymous>)
	at yP._deactivateAll (file:///usr/lib/code/out/vs/workbench/api/node/extensionHostProcess.js:505:11994)
	at yP.terminate (file:///usr/lib/code/out/vs/workbench/api/node/extensionHostProcess.js:505:12345)
	at i.terminate (file:///usr/lib/code/out/vs/workbench/api/node/extensionHostProcess.js:507:1072)
	at js (file:///usr/lib/code/out/vs/workbench/api/node/extensionHostProcess.js:831:11700)
	at ap.value (file:///usr/lib/code/out/vs/workbench/api/node/extensionHostProcess.js:831:9847)
	at E._deliver (file:///usr/lib/code/out/vs/workbench/api/node/extensionHostProcess.js:403:3126)
	at E.fire (file:///usr/lib/code/out/vs/workbench/api/node/extensionHostProcess.js:403:3444)
	at as.fire (file:///usr/lib/code/out/vs/workbench/api/node/extensionHostProcess.js:405:8437)
	at MessagePortMain.<anonymous> (file:///usr/lib/code/out/vs/workbench/api/node/extensionHostProcess.js:831:8082)
	at MessagePortMain.emit (node:events:519:28)
	at MessagePortMain._internalPort.emit (node:electron/js2c/utility_init:2:2959)
2026-05-07 17:52:52.100 [info] Extension host with pid 48199 exiting with code 0
